[4.007s] Invoking command in '/home/afro-robotics/robot_ws/src/image_acquisition': PYTHONPATH=/home/afro-robotics/robot_ws/build/image_acquisition/prefix_override:/usr/lib/python3/dist-packages/colcon_core/task/python/colcon_distutils_commands:/home/afro-robotics/robot_ws/install/image_acquisition/lib/python3.10/site-packages:${PYTHONPATH} /usr/bin/python3 -W ignore:setup.py install is deprecated -W ignore:easy_install command is deprecated setup.py egg_info --egg-base ../../build/image_acquisition build --build-base /home/afro-robotics/robot_ws/build/image_acquisition/build install --record /home/afro-robotics/robot_ws/build/image_acquisition/install.log --single-version-externally-managed install_data
[5.033s] running egg_info
[5.040s] writing ../../build/image_acquisition/image_acquisition.egg-info/PKG-INFO
[5.041s] writing dependency_links to ../../build/image_acquisition/image_acquisition.egg-info/dependency_links.txt
[5.042s] writing entry points to ../../build/image_acquisition/image_acquisition.egg-info/entry_points.txt
[5.043s] writing requirements to ../../build/image_acquisition/image_acquisition.egg-info/requires.txt
[5.044s] writing top-level names to ../../build/image_acquisition/image_acquisition.egg-info/top_level.txt
[5.052s] reading manifest file '../../build/image_acquisition/image_acquisition.egg-info/SOURCES.txt'
[5.058s] writing manifest file '../../build/image_acquisition/image_acquisition.egg-info/SOURCES.txt'
[5.059s] running build
[5.060s] running build_py
[5.061s] copying image_acquisition/yolo_detection_node.py -> /home/afro-robotics/robot_ws/build/image_acquisition/build/lib/image_acquisition
[5.063s] running install
[5.065s] running install_lib
[5.068s] copying /home/afro-robotics/robot_ws/build/image_acquisition/build/lib/image_acquisition/yolo_detection_node.py -> /home/afro-robotics/robot_ws/install/image_acquisition/lib/python3.10/site-packages/image_acquisition
[5.071s] byte-compiling /home/afro-robotics/robot_ws/install/image_acquisition/lib/python3.10/site-packages/image_acquisition/yolo_detection_node.py to yolo_detection_node.cpython-310.pyc
[5.081s] running install_data
[5.082s] copying launch/image_acquisition.launch.py -> /home/afro-robotics/robot_ws/install/image_acquisition/share/image_acquisition/launch
[5.088s] running install_egg_info
[5.099s] removing '/home/afro-robotics/robot_ws/install/image_acquisition/lib/python3.10/site-packages/image_acquisition-0.0.1-py3.10.egg-info' (and everything under it)
[5.100s] Copying ../../build/image_acquisition/image_acquisition.egg-info to /home/afro-robotics/robot_ws/install/image_acquisition/lib/python3.10/site-packages/image_acquisition-0.0.1-py3.10.egg-info
[5.107s] running install_scripts
[5.194s] Installing camera_node script to /home/afro-robotics/robot_ws/install/image_acquisition/lib/image_acquisition
[5.194s] Installing yolo_detection_node script to /home/afro-robotics/robot_ws/install/image_acquisition/lib/image_acquisition
[5.196s] writing list of installed files to '/home/afro-robotics/robot_ws/build/image_acquisition/install.log'
[5.314s] Invoked command in '/home/afro-robotics/robot_ws/src/image_acquisition' returned '0': PYTHONPATH=/home/afro-robotics/robot_ws/build/image_acquisition/prefix_override:/usr/lib/python3/dist-packages/colcon_core/task/python/colcon_distutils_commands:/home/afro-robotics/robot_ws/install/image_acquisition/lib/python3.10/site-packages:${PYTHONPATH} /usr/bin/python3 -W ignore:setup.py install is deprecated -W ignore:easy_install command is deprecated setup.py egg_info --egg-base ../../build/image_acquisition build --build-base /home/afro-robotics/robot_ws/build/image_acquisition/build install --record /home/afro-robotics/robot_ws/build/image_acquisition/install.log --single-version-externally-managed install_data
