[3.377s] Invoking command in '/home/afro-robotics/robot_ws/src/orchestration': PYTHONPATH=/home/afro-robotics/robot_ws/build/orchestration/prefix_override:/usr/lib/python3/dist-packages/colcon_core/task/python/colcon_distutils_commands:/home/afro-robotics/robot_ws/install/orchestration/lib/python3.10/site-packages:${PYTHONPATH} /usr/bin/python3 -W ignore:setup.py install is deprecated -W ignore:easy_install command is deprecated setup.py egg_info --egg-base ../../build/orchestration build --build-base /home/afro-robotics/robot_ws/build/orchestration/build install --record /home/afro-robotics/robot_ws/build/orchestration/install.log --single-version-externally-managed install_data
[4.011s] running egg_info
[4.012s] writing ../../build/orchestration/orchestration.egg-info/PKG-INFO
[4.014s] writing dependency_links to ../../build/orchestration/orchestration.egg-info/dependency_links.txt
[4.014s] writing entry points to ../../build/orchestration/orchestration.egg-info/entry_points.txt
[4.015s] writing requirements to ../../build/orchestration/orchestration.egg-info/requires.txt
[4.015s] writing top-level names to ../../build/orchestration/orchestration.egg-info/top_level.txt
[4.020s] reading manifest file '../../build/orchestration/orchestration.egg-info/SOURCES.txt'
[4.023s] writing manifest file '../../build/orchestration/orchestration.egg-info/SOURCES.txt'
[4.023s] running build
[4.024s] running build_py
[4.024s] running install
[4.029s] running install_lib
[4.033s] running install_data
[4.033s] running install_egg_info
[4.040s] removing '/home/afro-robotics/robot_ws/install/orchestration/lib/python3.10/site-packages/orchestration-0.0.0-py3.10.egg-info' (and everything under it)
[4.040s] Copying ../../build/orchestration/orchestration.egg-info to /home/afro-robotics/robot_ws/install/orchestration/lib/python3.10/site-packages/orchestration-0.0.0-py3.10.egg-info
[4.044s] running install_scripts
[4.103s] writing list of installed files to '/home/afro-robotics/robot_ws/build/orchestration/install.log'
[4.282s] Invoked command in '/home/afro-robotics/robot_ws/src/orchestration' returned '0': PYTHONPATH=/home/afro-robotics/robot_ws/build/orchestration/prefix_override:/usr/lib/python3/dist-packages/colcon_core/task/python/colcon_distutils_commands:/home/afro-robotics/robot_ws/install/orchestration/lib/python3.10/site-packages:${PYTHONPATH} /usr/bin/python3 -W ignore:setup.py install is deprecated -W ignore:easy_install command is deprecated setup.py egg_info --egg-base ../../build/orchestration build --build-base /home/afro-robotics/robot_ws/build/orchestration/build install --record /home/afro-robotics/robot_ws/build/orchestration/install.log --single-version-externally-managed install_data
