[2.716s] Invoking command in '/home/afro-robotics/robot_ws/src/navigation': PYTHONPATH=/home/afro-robotics/robot_ws/build/navigation/prefix_override:/usr/lib/python3/dist-packages/colcon_core/task/python/colcon_distutils_commands:/home/afro-robotics/robot_ws/install/navigation/lib/python3.10/site-packages:${PYTHONPATH} /usr/bin/python3 -W ignore:setup.py install is deprecated -W ignore:easy_install command is deprecated setup.py egg_info --egg-base ../../build/navigation build --build-base /home/afro-robotics/robot_ws/build/navigation/build install --record /home/afro-robotics/robot_ws/build/navigation/install.log --single-version-externally-managed install_data
[3.738s] running egg_info
[3.740s] writing ../../build/navigation/navigation.egg-info/PKG-INFO
[3.741s] writing dependency_links to ../../build/navigation/navigation.egg-info/dependency_links.txt
[3.744s] writing entry points to ../../build/navigation/navigation.egg-info/entry_points.txt
[3.744s] writing requirements to ../../build/navigation/navigation.egg-info/requires.txt
[3.745s] writing top-level names to ../../build/navigation/navigation.egg-info/top_level.txt
[3.751s] reading manifest file '../../build/navigation/navigation.egg-info/SOURCES.txt'
[3.754s] writing manifest file '../../build/navigation/navigation.egg-info/SOURCES.txt'
[3.755s] running build
[3.755s] running build_py
[3.756s] copying navigation/motor_node.py -> /home/afro-robotics/robot_ws/build/navigation/build/lib/navigation
[3.757s] running install
[3.758s] running install_lib
[3.761s] copying /home/afro-robotics/robot_ws/build/navigation/build/lib/navigation/motor_node.py -> /home/afro-robotics/robot_ws/install/navigation/lib/python3.10/site-packages/navigation
[3.764s] byte-compiling /home/afro-robotics/robot_ws/install/navigation/lib/python3.10/site-packages/navigation/motor_node.py to motor_node.cpython-310.pyc
[3.769s] running install_data
[3.770s] copying package.xml -> /home/afro-robotics/robot_ws/install/navigation/share/navigation
[3.770s] running install_egg_info
[3.777s] removing '/home/afro-robotics/robot_ws/install/navigation/lib/python3.10/site-packages/navigation-0.0.0-py3.10.egg-info' (and everything under it)
[3.778s] Copying ../../build/navigation/navigation.egg-info to /home/afro-robotics/robot_ws/install/navigation/lib/python3.10/site-packages/navigation-0.0.0-py3.10.egg-info
[3.783s] running install_scripts
[3.859s] Installing motor_node script to /home/afro-robotics/robot_ws/install/navigation/lib/navigation
[3.860s] writing list of installed files to '/home/afro-robotics/robot_ws/build/navigation/install.log'
[3.963s] Invoked command in '/home/afro-robotics/robot_ws/src/navigation' returned '0': PYTHONPATH=/home/afro-robotics/robot_ws/build/navigation/prefix_override:/usr/lib/python3/dist-packages/colcon_core/task/python/colcon_distutils_commands:/home/afro-robotics/robot_ws/install/navigation/lib/python3.10/site-packages:${PYTHONPATH} /usr/bin/python3 -W ignore:setup.py install is deprecated -W ignore:easy_install command is deprecated setup.py egg_info --egg-base ../../build/navigation build --build-base /home/afro-robotics/robot_ws/build/navigation/build install --record /home/afro-robotics/robot_ws/build/navigation/install.log --single-version-externally-managed install_data
