/home/afro-robotics/robot_ws/install/navigation/lib/python3.10/site-packages/navigation/scan_gpio.py
/home/afro-robotics/robot_ws/install/navigation/lib/python3.10/site-packages/navigation/motor_node.py
/home/afro-robotics/robot_ws/install/navigation/lib/python3.10/site-packages/navigation/test_calibration.py
/home/afro-robotics/robot_ws/install/navigation/lib/python3.10/site-packages/navigation/test_sync.py
/home/afro-robotics/robot_ws/install/navigation/lib/python3.10/site-packages/navigation/encoder_reader.py
/home/afro-robotics/robot_ws/install/navigation/lib/python3.10/site-packages/navigation/test_motors.py
/home/afro-robotics/robot_ws/install/navigation/lib/python3.10/site-packages/navigation/__init__.py
/home/afro-robotics/robot_ws/install/navigation/lib/python3.10/site-packages/navigation/navigation_node.py
/home/afro-robotics/robot_ws/install/navigation/lib/python3.10/site-packages/navigation/__pycache__/scan_gpio.cpython-310.pyc
/home/afro-robotics/robot_ws/install/navigation/lib/python3.10/site-packages/navigation/__pycache__/motor_node.cpython-310.pyc
/home/afro-robotics/robot_ws/install/navigation/lib/python3.10/site-packages/navigation/__pycache__/test_calibration.cpython-310.pyc
/home/afro-robotics/robot_ws/install/navigation/lib/python3.10/site-packages/navigation/__pycache__/test_sync.cpython-310.pyc
/home/afro-robotics/robot_ws/install/navigation/lib/python3.10/site-packages/navigation/__pycache__/encoder_reader.cpython-310.pyc
/home/afro-robotics/robot_ws/install/navigation/lib/python3.10/site-packages/navigation/__pycache__/test_motors.cpython-310.pyc
/home/afro-robotics/robot_ws/install/navigation/lib/python3.10/site-packages/navigation/__pycache__/__init__.cpython-310.pyc
/home/afro-robotics/robot_ws/install/navigation/lib/python3.10/site-packages/navigation/__pycache__/navigation_node.cpython-310.pyc
/home/afro-robotics/robot_ws/install/navigation/share/ament_index/resource_index/packages/navigation
/home/afro-robotics/robot_ws/install/navigation/share/navigation/package.xml
/home/afro-robotics/robot_ws/install/navigation/lib/python3.10/site-packages/navigation-0.0.0-py3.10.egg-info/entry_points.txt
/home/afro-robotics/robot_ws/install/navigation/lib/python3.10/site-packages/navigation-0.0.0-py3.10.egg-info/requires.txt
/home/afro-robotics/robot_ws/install/navigation/lib/python3.10/site-packages/navigation-0.0.0-py3.10.egg-info/SOURCES.txt
/home/afro-robotics/robot_ws/install/navigation/lib/python3.10/site-packages/navigation-0.0.0-py3.10.egg-info/zip-safe
/home/afro-robotics/robot_ws/install/navigation/lib/python3.10/site-packages/navigation-0.0.0-py3.10.egg-info/PKG-INFO
/home/afro-robotics/robot_ws/install/navigation/lib/python3.10/site-packages/navigation-0.0.0-py3.10.egg-info/dependency_links.txt
/home/afro-robotics/robot_ws/install/navigation/lib/python3.10/site-packages/navigation-0.0.0-py3.10.egg-info/top_level.txt
/home/afro-robotics/robot_ws/install/navigation/lib/navigation/motor_node
/home/afro-robotics/robot_ws/install/navigation/lib/navigation/navigation_node
