[1.747s] Invoking command in '/home/afro-robotics/robot_ws/src/image_acquisition': PYTHONPATH=/home/afro-robotics/robot_ws/build/image_acquisition/prefix_override:/usr/lib/python3/dist-packages/colcon_core/task/python/colcon_distutils_commands:/home/afro-robotics/robot_ws/install/image_acquisition/lib/python3.10/site-packages:${PYTHONPATH} /usr/bin/python3 -W ignore:setup.py install is deprecated -W ignore:easy_install command is deprecated setup.py egg_info --egg-base ../../build/image_acquisition build --build-base /home/afro-robotics/robot_ws/build/image_acquisition/build install --record /home/afro-robotics/robot_ws/build/image_acquisition/install.log --single-version-externally-managed install_data
[2.369s] running egg_info
[2.372s] writing ../../build/image_acquisition/image_acquisition.egg-info/PKG-INFO
[2.372s] writing dependency_links to ../../build/image_acquisition/image_acquisition.egg-info/dependency_links.txt
[2.374s] writing entry points to ../../build/image_acquisition/image_acquisition.egg-info/entry_points.txt
[2.374s] writing requirements to ../../build/image_acquisition/image_acquisition.egg-info/requires.txt
[2.374s] writing top-level names to ../../build/image_acquisition/image_acquisition.egg-info/top_level.txt
[2.381s] reading manifest file '../../build/image_acquisition/image_acquisition.egg-info/SOURCES.txt'
[2.383s] writing manifest file '../../build/image_acquisition/image_acquisition.egg-info/SOURCES.txt'
[2.383s] running build
[2.384s] running build_py
[2.384s] copying image_acquisition/yolo_detection_node.py -> /home/afro-robotics/robot_ws/build/image_acquisition/build/lib/image_acquisition
[2.385s] running install
[2.386s] running install_lib
[2.388s] copying /home/afro-robotics/robot_ws/build/image_acquisition/build/lib/image_acquisition/yolo_detection_node.py -> /home/afro-robotics/robot_ws/install/image_acquisition/lib/python3.10/site-packages/image_acquisition
[2.391s] byte-compiling /home/afro-robotics/robot_ws/install/image_acquisition/lib/python3.10/site-packages/image_acquisition/yolo_detection_node.py to yolo_detection_node.cpython-310.pyc
[2.396s] running install_data
[2.397s] running install_egg_info
[2.409s] removing '/home/afro-robotics/robot_ws/install/image_acquisition/lib/python3.10/site-packages/image_acquisition-0.0.1-py3.10.egg-info' (and everything under it)
[2.409s] Copying ../../build/image_acquisition/image_acquisition.egg-info to /home/afro-robotics/robot_ws/install/image_acquisition/lib/python3.10/site-packages/image_acquisition-0.0.1-py3.10.egg-info
[2.412s] running install_scripts
[2.470s] Installing camera_node script to /home/afro-robotics/robot_ws/install/image_acquisition/lib/image_acquisition
[2.471s] Installing yolo_detection_node script to /home/afro-robotics/robot_ws/install/image_acquisition/lib/image_acquisition
[2.472s] writing list of installed files to '/home/afro-robotics/robot_ws/build/image_acquisition/install.log'
[2.597s] Invoked command in '/home/afro-robotics/robot_ws/src/image_acquisition' returned '0': PYTHONPATH=/home/afro-robotics/robot_ws/build/image_acquisition/prefix_override:/usr/lib/python3/dist-packages/colcon_core/task/python/colcon_distutils_commands:/home/afro-robotics/robot_ws/install/image_acquisition/lib/python3.10/site-packages:${PYTHONPATH} /usr/bin/python3 -W ignore:setup.py install is deprecated -W ignore:easy_install command is deprecated setup.py egg_info --egg-base ../../build/image_acquisition build --build-base /home/afro-robotics/robot_ws/build/image_acquisition/build install --record /home/afro-robotics/robot_ws/build/image_acquisition/install.log --single-version-externally-managed install_data
