running egg_info
creating ../../build/image_acquisition/image_acquisition.egg-info
writing ../../build/image_acquisition/image_acquisition.egg-info/PKG-INFO
writing dependency_links to ../../build/image_acquisition/image_acquisition.egg-info/dependency_links.txt
writing entry points to ../../build/image_acquisition/image_acquisition.egg-info/entry_points.txt
writing requirements to ../../build/image_acquisition/image_acquisition.egg-info/requires.txt
writing top-level names to ../../build/image_acquisition/image_acquisition.egg-info/top_level.txt
writing manifest file '../../build/image_acquisition/image_acquisition.egg-info/SOURCES.txt'
reading manifest file '../../build/image_acquisition/image_acquisition.egg-info/SOURCES.txt'
writing manifest file '../../build/image_acquisition/image_acquisition.egg-info/SOURCES.txt'
running build
running build_py
creating /home/afro-robotics/robot_ws/build/image_acquisition/build
creating /home/afro-robotics/robot_ws/build/image_acquisition/build/lib
creating /home/afro-robotics/robot_ws/build/image_acquisition/build/lib/image_acquisition
copying image_acquisition/__init__.py -> /home/afro-robotics/robot_ws/build/image_acquisition/build/lib/image_acquisition
running install
running install_lib
creating /home/afro-robotics/robot_ws/install/image_acquisition/lib/python3.10/site-packages/image_acquisition
copying /home/afro-robotics/robot_ws/build/image_acquisition/build/lib/image_acquisition/__init__.py -> /home/afro-robotics/robot_ws/install/image_acquisition/lib/python3.10/site-packages/image_acquisition
byte-compiling /home/afro-robotics/robot_ws/install/image_acquisition/lib/python3.10/site-packages/image_acquisition/__init__.py to __init__.cpython-310.pyc
running install_data
creating /home/afro-robotics/robot_ws/install/image_acquisition/share/ament_index
creating /home/afro-robotics/robot_ws/install/image_acquisition/share/ament_index/resource_index
creating /home/afro-robotics/robot_ws/install/image_acquisition/share/ament_index/resource_index/packages
copying resource/image_acquisition -> /home/afro-robotics/robot_ws/install/image_acquisition/share/ament_index/resource_index/packages
copying package.xml -> /home/afro-robotics/robot_ws/install/image_acquisition/share/image_acquisition
running install_egg_info
Copying ../../build/image_acquisition/image_acquisition.egg-info to /home/afro-robotics/robot_ws/install/image_acquisition/lib/python3.10/site-packages/image_acquisition-0.0.0-py3.10.egg-info
running install_scripts
writing list of installed files to '/home/afro-robotics/robot_ws/build/image_acquisition/install.log'
