[3.672s] Invoking command in '/home/afro-robotics/robot_ws/src/image_acquisition': PYTHONPATH=/home/afro-robotics/robot_ws/build/image_acquisition/prefix_override:/usr/lib/python3/dist-packages/colcon_core/task/python/colcon_distutils_commands:/home/afro-robotics/robot_ws/install/image_acquisition/lib/python3.10/site-packages:${PYTHONPATH} /usr/bin/python3 -W ignore:setup.py install is deprecated -W ignore:easy_install command is deprecated setup.py egg_info --egg-base ../../build/image_acquisition build --build-base /home/afro-robotics/robot_ws/build/image_acquisition/build install --record /home/afro-robotics/robot_ws/build/image_acquisition/install.log --single-version-externally-managed install_data
[4.680s] running egg_info
[4.687s] writing ../../build/image_acquisition/image_acquisition.egg-info/PKG-INFO
[4.687s] writing dependency_links to ../../build/image_acquisition/image_acquisition.egg-info/dependency_links.txt
[4.688s] writing entry points to ../../build/image_acquisition/image_acquisition.egg-info/entry_points.txt
[4.688s] writing requirements to ../../build/image_acquisition/image_acquisition.egg-info/requires.txt
[4.689s] writing top-level names to ../../build/image_acquisition/image_acquisition.egg-info/top_level.txt
[4.697s] reading manifest file '../../build/image_acquisition/image_acquisition.egg-info/SOURCES.txt'
[4.701s] writing manifest file '../../build/image_acquisition/image_acquisition.egg-info/SOURCES.txt'
[4.701s] running build
[4.701s] running build_py
[4.702s] running install
[4.703s] running install_lib
[4.709s] running install_data
[4.709s] copying launch/image_acquisition.launch.py -> /home/afro-robotics/robot_ws/install/image_acquisition/share/image_acquisition/launch
[4.710s] running install_egg_info
[4.717s] removing '/home/afro-robotics/robot_ws/install/image_acquisition/lib/python3.10/site-packages/image_acquisition-0.0.1-py3.10.egg-info' (and everything under it)
[4.726s] Copying ../../build/image_acquisition/image_acquisition.egg-info to /home/afro-robotics/robot_ws/install/image_acquisition/lib/python3.10/site-packages/image_acquisition-0.0.1-py3.10.egg-info
[4.729s] running install_scripts
[4.803s] Installing camera_node script to /home/afro-robotics/robot_ws/install/image_acquisition/lib/image_acquisition
[4.804s] Installing yolo_detection_node script to /home/afro-robotics/robot_ws/install/image_acquisition/lib/image_acquisition
[4.805s] writing list of installed files to '/home/afro-robotics/robot_ws/build/image_acquisition/install.log'
[4.910s] Invoked command in '/home/afro-robotics/robot_ws/src/image_acquisition' returned '0': PYTHONPATH=/home/afro-robotics/robot_ws/build/image_acquisition/prefix_override:/usr/lib/python3/dist-packages/colcon_core/task/python/colcon_distutils_commands:/home/afro-robotics/robot_ws/install/image_acquisition/lib/python3.10/site-packages:${PYTHONPATH} /usr/bin/python3 -W ignore:setup.py install is deprecated -W ignore:easy_install command is deprecated setup.py egg_info --egg-base ../../build/image_acquisition build --build-base /home/afro-robotics/robot_ws/build/image_acquisition/build install --record /home/afro-robotics/robot_ws/build/image_acquisition/install.log --single-version-externally-managed install_data
