[0.441s] DEBUG:colcon:Command line arguments: ['/usr/bin/colcon', 'build', '--packages-select', 'navigation']
[0.441s] DEBUG:colcon:Parsed command line arguments: Namespace(log_base=None, log_level=None, verb_name='build', build_base='build', install_base='install', merge_install=False, symlink_install=False, test_result_base=None, continue_on_error=False, executor='parallel', parallel_workers=6, event_handlers=None, ignore_user_meta=False, metas=['./colcon.meta'], base_paths=['.'], packages_ignore=None, packages_ignore_regex=None, paths=None, packages_up_to=None, packages_up_to_regex=None, packages_above=None, packages_above_and_dependencies=None, packages_above_depth=None, packages_select_by_dep=None, packages_skip_by_dep=None, packages_skip_up_to=None, packages_select_build_failed=False, packages_skip_build_finished=False, packages_select_test_failures=False, packages_skip_test_passed=False, packages_select=['navigation'], packages_skip=None, packages_select_regex=None, packages_skip_regex=None, packages_start=None, packages_end=None, allow_overriding=[], cmake_args=None, cmake_target=None, cmake_target_skip_unavailable=False, cmake_clean_cache=False, cmake_clean_first=False, cmake_force_configure=False, ament_cmake_args=None, catkin_cmake_args=None, catkin_skip_building_tests=False, verb_parser=<colcon_defaults.argument_parser.defaults.DefaultArgumentsDecorator object at 0xffff84a39300>, verb_extension=<colcon_core.verb.build.BuildVerb object at 0xffff84a38dc0>, main=<bound method BuildVerb.main of <colcon_core.verb.build.BuildVerb object at 0xffff84a38dc0>>)
[1.767s] Level 1:colcon.colcon_core.package_discovery:discover_packages(colcon_meta) check parameters
[1.768s] Level 1:colcon.colcon_core.package_discovery:discover_packages(recursive) check parameters
[1.768s] Level 1:colcon.colcon_core.package_discovery:discover_packages(ignore) check parameters
[1.768s] Level 1:colcon.colcon_core.package_discovery:discover_packages(path) check parameters
[1.768s] Level 1:colcon.colcon_core.package_discovery:discover_packages(colcon_meta) discover
[1.769s] Level 1:colcon.colcon_core.package_discovery:discover_packages(recursive) discover
[1.769s] INFO:colcon.colcon_core.package_discovery:Crawling recursively for packages in '/home/afro-robotics/robot_ws'
[1.769s] Level 1:colcon.colcon_core.package_identification:_identify(.) by extensions ['ignore', 'ignore_ament_install']
[1.770s] Level 1:colcon.colcon_core.package_identification:_identify(.) by extension 'ignore'
[1.770s] Level 1:colcon.colcon_core.package_identification:_identify(.) by extension 'ignore_ament_install'
[1.770s] Level 1:colcon.colcon_core.package_identification:_identify(.) by extensions ['colcon_pkg']
[1.771s] Level 1:colcon.colcon_core.package_identification:_identify(.) by extension 'colcon_pkg'
[1.771s] Level 1:colcon.colcon_core.package_identification:_identify(.) by extensions ['colcon_meta']
[1.771s] Level 1:colcon.colcon_core.package_identification:_identify(.) by extension 'colcon_meta'
[1.771s] Level 1:colcon.colcon_core.package_identification:_identify(.) by extensions ['ros']
[1.771s] Level 1:colcon.colcon_core.package_identification:_identify(.) by extension 'ros'
[1.813s] Level 1:colcon.colcon_core.package_identification:_identify(.) by extensions ['cmake', 'python']
[1.813s] Level 1:colcon.colcon_core.package_identification:_identify(.) by extension 'cmake'
[1.814s] Level 1:colcon.colcon_core.package_identification:_identify(.) by extension 'python'
[1.814s] Level 1:colcon.colcon_core.package_identification:_identify(.) by extensions ['python_setup_py']
[1.814s] Level 1:colcon.colcon_core.package_identification:_identify(.) by extension 'python_setup_py'
[1.816s] Level 1:colcon.colcon_core.package_identification:_identify(build) by extensions ['ignore', 'ignore_ament_install']
[1.817s] Level 1:colcon.colcon_core.package_identification:_identify(build) by extension 'ignore'
[1.817s] Level 1:colcon.colcon_core.package_identification:_identify(build) ignored
[1.818s] Level 1:colcon.colcon_core.package_identification:_identify(install) by extensions ['ignore', 'ignore_ament_install']
[1.818s] Level 1:colcon.colcon_core.package_identification:_identify(install) by extension 'ignore'
[1.818s] Level 1:colcon.colcon_core.package_identification:_identify(install) ignored
[1.819s] Level 1:colcon.colcon_core.package_identification:_identify(log) by extensions ['ignore', 'ignore_ament_install']
[1.819s] Level 1:colcon.colcon_core.package_identification:_identify(log) by extension 'ignore'
[1.819s] Level 1:colcon.colcon_core.package_identification:_identify(log) ignored
[1.820s] Level 1:colcon.colcon_core.package_identification:_identify(models) by extensions ['ignore', 'ignore_ament_install']
[1.820s] Level 1:colcon.colcon_core.package_identification:_identify(models) by extension 'ignore'
[1.821s] Level 1:colcon.colcon_core.package_identification:_identify(models) by extension 'ignore_ament_install'
[1.821s] Level 1:colcon.colcon_core.package_identification:_identify(models) by extensions ['colcon_pkg']
[1.821s] Level 1:colcon.colcon_core.package_identification:_identify(models) by extension 'colcon_pkg'
[1.821s] Level 1:colcon.colcon_core.package_identification:_identify(models) by extensions ['colcon_meta']
[1.821s] Level 1:colcon.colcon_core.package_identification:_identify(models) by extension 'colcon_meta'
[1.821s] Level 1:colcon.colcon_core.package_identification:_identify(models) by extensions ['ros']
[1.821s] Level 1:colcon.colcon_core.package_identification:_identify(models) by extension 'ros'
[1.822s] Level 1:colcon.colcon_core.package_identification:_identify(models) by extensions ['cmake', 'python']
[1.822s] Level 1:colcon.colcon_core.package_identification:_identify(models) by extension 'cmake'
[1.822s] Level 1:colcon.colcon_core.package_identification:_identify(models) by extension 'python'
[1.822s] Level 1:colcon.colcon_core.package_identification:_identify(models) by extensions ['python_setup_py']
[1.822s] Level 1:colcon.colcon_core.package_identification:_identify(models) by extension 'python_setup_py'
[1.822s] Level 1:colcon.colcon_core.package_identification:_identify(src) by extensions ['ignore', 'ignore_ament_install']
[1.823s] Level 1:colcon.colcon_core.package_identification:_identify(src) by extension 'ignore'
[1.823s] Level 1:colcon.colcon_core.package_identification:_identify(src) by extension 'ignore_ament_install'
[1.823s] Level 1:colcon.colcon_core.package_identification:_identify(src) by extensions ['colcon_pkg']
[1.823s] Level 1:colcon.colcon_core.package_identification:_identify(src) by extension 'colcon_pkg'
[1.823s] Level 1:colcon.colcon_core.package_identification:_identify(src) by extensions ['colcon_meta']
[1.823s] Level 1:colcon.colcon_core.package_identification:_identify(src) by extension 'colcon_meta'
[1.824s] Level 1:colcon.colcon_core.package_identification:_identify(src) by extensions ['ros']
[1.824s] Level 1:colcon.colcon_core.package_identification:_identify(src) by extension 'ros'
[1.824s] Level 1:colcon.colcon_core.package_identification:_identify(src) by extensions ['cmake', 'python']
[1.824s] Level 1:colcon.colcon_core.package_identification:_identify(src) by extension 'cmake'
[1.824s] Level 1:colcon.colcon_core.package_identification:_identify(src) by extension 'python'
[1.824s] Level 1:colcon.colcon_core.package_identification:_identify(src) by extensions ['python_setup_py']
[1.824s] Level 1:colcon.colcon_core.package_identification:_identify(src) by extension 'python_setup_py'
[1.825s] Level 1:colcon.colcon_core.package_identification:_identify(src/image_acquisition) by extensions ['ignore', 'ignore_ament_install']
[1.825s] Level 1:colcon.colcon_core.package_identification:_identify(src/image_acquisition) by extension 'ignore'
[1.825s] Level 1:colcon.colcon_core.package_identification:_identify(src/image_acquisition) by extension 'ignore_ament_install'
[1.825s] Level 1:colcon.colcon_core.package_identification:_identify(src/image_acquisition) by extensions ['colcon_pkg']
[1.825s] Level 1:colcon.colcon_core.package_identification:_identify(src/image_acquisition) by extension 'colcon_pkg'
[1.826s] Level 1:colcon.colcon_core.package_identification:_identify(src/image_acquisition) by extensions ['colcon_meta']
[1.826s] Level 1:colcon.colcon_core.package_identification:_identify(src/image_acquisition) by extension 'colcon_meta'
[1.826s] Level 1:colcon.colcon_core.package_identification:_identify(src/image_acquisition) by extensions ['ros']
[1.826s] Level 1:colcon.colcon_core.package_identification:_identify(src/image_acquisition) by extension 'ros'
[1.838s] DEBUG:colcon.colcon_core.package_identification:Package 'src/image_acquisition' with type 'ros.ament_python' and name 'image_acquisition'
[1.838s] Level 1:colcon.colcon_core.package_identification:_identify(src/navigation) by extensions ['ignore', 'ignore_ament_install']
[1.838s] Level 1:colcon.colcon_core.package_identification:_identify(src/navigation) by extension 'ignore'
[1.839s] Level 1:colcon.colcon_core.package_identification:_identify(src/navigation) by extension 'ignore_ament_install'
[1.839s] Level 1:colcon.colcon_core.package_identification:_identify(src/navigation) by extensions ['colcon_pkg']
[1.839s] Level 1:colcon.colcon_core.package_identification:_identify(src/navigation) by extension 'colcon_pkg'
[1.839s] Level 1:colcon.colcon_core.package_identification:_identify(src/navigation) by extensions ['colcon_meta']
[1.839s] Level 1:colcon.colcon_core.package_identification:_identify(src/navigation) by extension 'colcon_meta'
[1.839s] Level 1:colcon.colcon_core.package_identification:_identify(src/navigation) by extensions ['ros']
[1.839s] Level 1:colcon.colcon_core.package_identification:_identify(src/navigation) by extension 'ros'
[1.841s] DEBUG:colcon.colcon_core.package_identification:Package 'src/navigation' with type 'ros.ament_python' and name 'navigation'
[1.842s] Level 1:colcon.colcon_core.package_identification:_identify(src/orchestration) by extensions ['ignore', 'ignore_ament_install']
[1.842s] Level 1:colcon.colcon_core.package_identification:_identify(src/orchestration) by extension 'ignore'
[1.842s] Level 1:colcon.colcon_core.package_identification:_identify(src/orchestration) by extension 'ignore_ament_install'
[1.842s] Level 1:colcon.colcon_core.package_identification:_identify(src/orchestration) by extensions ['colcon_pkg']
[1.842s] Level 1:colcon.colcon_core.package_identification:_identify(src/orchestration) by extension 'colcon_pkg'
[1.842s] Level 1:colcon.colcon_core.package_identification:_identify(src/orchestration) by extensions ['colcon_meta']
[1.842s] Level 1:colcon.colcon_core.package_identification:_identify(src/orchestration) by extension 'colcon_meta'
[1.843s] Level 1:colcon.colcon_core.package_identification:_identify(src/orchestration) by extensions ['ros']
[1.843s] Level 1:colcon.colcon_core.package_identification:_identify(src/orchestration) by extension 'ros'
[1.844s] DEBUG:colcon.colcon_core.package_identification:Package 'src/orchestration' with type 'ros.ament_python' and name 'orchestration'
[1.844s] Level 1:colcon.colcon_core.package_discovery:discover_packages(recursive) using defaults
[1.845s] Level 1:colcon.colcon_core.package_discovery:discover_packages(ignore) discover
[1.845s] Level 1:colcon.colcon_core.package_discovery:discover_packages(ignore) using defaults
[1.845s] Level 1:colcon.colcon_core.package_discovery:discover_packages(path) discover
[1.845s] Level 1:colcon.colcon_core.package_discovery:discover_packages(path) using defaults
[1.968s] INFO:colcon.colcon_core.package_selection:Skipping not selected package 'image_acquisition' in 'src/image_acquisition'
[1.969s] INFO:colcon.colcon_core.package_selection:Skipping not selected package 'orchestration' in 'src/orchestration'
[1.971s] Level 1:colcon.colcon_core.package_discovery:discover_packages(prefix_path) check parameters
[1.971s] Level 1:colcon.colcon_core.package_discovery:discover_packages(prefix_path) discover
[1.981s] DEBUG:colcon.colcon_installed_package_information.package_discovery:Found 3 installed packages in /home/afro-robotics/robot_ws/install
[1.987s] DEBUG:colcon.colcon_installed_package_information.package_discovery:Found 280 installed packages in /opt/ros/humble
[1.990s] Level 1:colcon.colcon_core.package_discovery:discover_packages(prefix_path) using defaults
[2.224s] Level 5:colcon.colcon_core.verb:set package 'navigation' build argument 'cmake_args' from command line to 'None'
[2.225s] Level 5:colcon.colcon_core.verb:set package 'navigation' build argument 'cmake_target' from command line to 'None'
[2.225s] Level 5:colcon.colcon_core.verb:set package 'navigation' build argument 'cmake_target_skip_unavailable' from command line to 'False'
[2.225s] Level 5:colcon.colcon_core.verb:set package 'navigation' build argument 'cmake_clean_cache' from command line to 'False'
[2.225s] Level 5:colcon.colcon_core.verb:set package 'navigation' build argument 'cmake_clean_first' from command line to 'False'
[2.225s] Level 5:colcon.colcon_core.verb:set package 'navigation' build argument 'cmake_force_configure' from command line to 'False'
[2.225s] Level 5:colcon.colcon_core.verb:set package 'navigation' build argument 'ament_cmake_args' from command line to 'None'
[2.225s] Level 5:colcon.colcon_core.verb:set package 'navigation' build argument 'catkin_cmake_args' from command line to 'None'
[2.225s] Level 5:colcon.colcon_core.verb:set package 'navigation' build argument 'catkin_skip_building_tests' from command line to 'False'
[2.225s] DEBUG:colcon.colcon_core.verb:Building package 'navigation' with the following arguments: {'ament_cmake_args': None, 'build_base': '/home/afro-robotics/robot_ws/build/navigation', 'catkin_cmake_args': None, 'catkin_skip_building_tests': False, 'cmake_args': None, 'cmake_clean_cache': False, 'cmake_clean_first': False, 'cmake_force_configure': False, 'cmake_target': None, 'cmake_target_skip_unavailable': False, 'install_base': '/home/afro-robotics/robot_ws/install/navigation', 'merge_install': False, 'path': '/home/afro-robotics/robot_ws/src/navigation', 'symlink_install': False, 'test_result_base': None}
[2.226s] INFO:colcon.colcon_core.executor:Executing jobs using 'parallel' executor
[2.228s] DEBUG:colcon.colcon_parallel_executor.executor.parallel:run_until_complete
[2.229s] INFO:colcon.colcon_ros.task.ament_python.build:Building ROS package in '/home/afro-robotics/robot_ws/src/navigation' with build type 'ament_python'
[2.229s] Level 1:colcon.colcon_core.shell:create_environment_hook('navigation', 'ament_prefix_path')
[2.245s] INFO:colcon.colcon_core.plugin_system:Skipping extension 'colcon_core.shell.bat': Not used on non-Windows systems
[2.245s] INFO:colcon.colcon_core.shell:Creating environment hook '/home/afro-robotics/robot_ws/install/navigation/share/navigation/hook/ament_prefix_path.ps1'
[2.249s] INFO:colcon.colcon_core.shell:Creating environment descriptor '/home/afro-robotics/robot_ws/install/navigation/share/navigation/hook/ament_prefix_path.dsv'
[2.261s] INFO:colcon.colcon_core.shell:Creating environment hook '/home/afro-robotics/robot_ws/install/navigation/share/navigation/hook/ament_prefix_path.sh'
[2.265s] INFO:colcon.colcon_core.shell:Skip shell extension 'powershell' for command environment: Not usable outside of PowerShell
[2.265s] DEBUG:colcon.colcon_core.shell:Skip shell extension 'dsv' for command environment
[2.883s] INFO:colcon.colcon_core.task.python.build:Building Python package in '/home/afro-robotics/robot_ws/src/navigation'
[2.884s] INFO:colcon.colcon_core.shell:Skip shell extension 'powershell' for command environment: Not usable outside of PowerShell
[2.884s] DEBUG:colcon.colcon_core.shell:Skip shell extension 'dsv' for command environment
[3.841s] DEBUG:colcon.colcon_core.event_handler.log_command:Invoking command in '/home/afro-robotics/robot_ws/src/navigation': PYTHONPATH=/home/afro-robotics/robot_ws/build/navigation/prefix_override:/usr/lib/python3/dist-packages/colcon_core/task/python/colcon_distutils_commands:/home/afro-robotics/robot_ws/install/navigation/lib/python3.10/site-packages:${PYTHONPATH} /usr/bin/python3 -W ignore:setup.py install is deprecated -W ignore:easy_install command is deprecated setup.py egg_info --egg-base ../../build/navigation build --build-base /home/afro-robotics/robot_ws/build/navigation/build install --record /home/afro-robotics/robot_ws/build/navigation/install.log --single-version-externally-managed install_data
[4.549s] DEBUG:colcon.colcon_core.event_handler.log_command:Invoked command in '/home/afro-robotics/robot_ws/src/navigation' returned '0': PYTHONPATH=/home/afro-robotics/robot_ws/build/navigation/prefix_override:/usr/lib/python3/dist-packages/colcon_core/task/python/colcon_distutils_commands:/home/afro-robotics/robot_ws/install/navigation/lib/python3.10/site-packages:${PYTHONPATH} /usr/bin/python3 -W ignore:setup.py install is deprecated -W ignore:easy_install command is deprecated setup.py egg_info --egg-base ../../build/navigation build --build-base /home/afro-robotics/robot_ws/build/navigation/build install --record /home/afro-robotics/robot_ws/build/navigation/install.log --single-version-externally-managed install_data
[4.570s] Level 1:colcon.colcon_core.environment:checking '/home/afro-robotics/robot_ws/install/navigation' for CMake module files
[4.571s] Level 1:colcon.colcon_core.environment:checking '/home/afro-robotics/robot_ws/install/navigation' for CMake config files
[4.575s] Level 1:colcon.colcon_core.environment:checking '/home/afro-robotics/robot_ws/install/navigation/lib'
[4.576s] Level 1:colcon.colcon_core.environment:checking '/home/afro-robotics/robot_ws/install/navigation/bin'
[4.576s] Level 1:colcon.colcon_core.environment:checking '/home/afro-robotics/robot_ws/install/navigation/lib/pkgconfig/navigation.pc'
[4.577s] Level 1:colcon.colcon_core.environment:checking '/home/afro-robotics/robot_ws/install/navigation/lib/python3.10/site-packages'
[4.577s] Level 1:colcon.colcon_core.shell:create_environment_hook('navigation', 'pythonpath')
[4.578s] INFO:colcon.colcon_core.shell:Creating environment hook '/home/afro-robotics/robot_ws/install/navigation/share/navigation/hook/pythonpath.ps1'
[4.580s] INFO:colcon.colcon_core.shell:Creating environment descriptor '/home/afro-robotics/robot_ws/install/navigation/share/navigation/hook/pythonpath.dsv'
[4.582s] INFO:colcon.colcon_core.shell:Creating environment hook '/home/afro-robotics/robot_ws/install/navigation/share/navigation/hook/pythonpath.sh'
[4.585s] Level 1:colcon.colcon_core.environment:checking '/home/afro-robotics/robot_ws/install/navigation/bin'
[4.585s] Level 1:colcon.colcon_core.environment:create_environment_scripts_only(navigation)
[4.586s] INFO:colcon.colcon_core.shell:Creating package script '/home/afro-robotics/robot_ws/install/navigation/share/navigation/package.ps1'
[4.592s] INFO:colcon.colcon_core.shell:Creating package descriptor '/home/afro-robotics/robot_ws/install/navigation/share/navigation/package.dsv'
[4.595s] INFO:colcon.colcon_core.shell:Creating package script '/home/afro-robotics/robot_ws/install/navigation/share/navigation/package.sh'
[4.600s] INFO:colcon.colcon_core.shell:Creating package script '/home/afro-robotics/robot_ws/install/navigation/share/navigation/package.bash'
[4.604s] INFO:colcon.colcon_core.shell:Creating package script '/home/afro-robotics/robot_ws/install/navigation/share/navigation/package.zsh'
[4.609s] Level 1:colcon.colcon_core.environment:create_file_with_runtime_dependencies(/home/afro-robotics/robot_ws/install/navigation/share/colcon-core/packages/navigation)
[4.610s] DEBUG:colcon.colcon_parallel_executor.executor.parallel:closing loop
[4.612s] DEBUG:colcon.colcon_parallel_executor.executor.parallel:loop closed
[4.613s] DEBUG:colcon.colcon_parallel_executor.executor.parallel:run_until_complete finished with '0'
[4.613s] DEBUG:colcon.colcon_core.event_reactor:joining thread
[4.672s] INFO:colcon.colcon_core.plugin_system:Skipping extension 'colcon_notification.desktop_notification.terminal_notifier': Not used on non-Darwin systems
[4.672s] INFO:colcon.colcon_core.plugin_system:Skipping extension 'colcon_notification.desktop_notification.win32': Not used on non-Windows systems
[4.673s] INFO:colcon.colcon_notification.desktop_notification:Sending desktop notification using 'notify2'
[4.769s] DEBUG:colcon.colcon_core.event_reactor:joined thread
[4.771s] INFO:colcon.colcon_core.shell:Creating prefix script '/home/afro-robotics/robot_ws/install/local_setup.ps1'
[4.778s] INFO:colcon.colcon_core.shell:Creating prefix util module '/home/afro-robotics/robot_ws/install/_local_setup_util_ps1.py'
[4.785s] INFO:colcon.colcon_core.shell:Creating prefix chain script '/home/afro-robotics/robot_ws/install/setup.ps1'
[4.791s] INFO:colcon.colcon_core.shell:Creating prefix script '/home/afro-robotics/robot_ws/install/local_setup.sh'
[4.797s] INFO:colcon.colcon_core.shell:Creating prefix util module '/home/afro-robotics/robot_ws/install/_local_setup_util_sh.py'
[4.799s] INFO:colcon.colcon_core.shell:Creating prefix chain script '/home/afro-robotics/robot_ws/install/setup.sh'
[4.824s] INFO:colcon.colcon_core.shell:Creating prefix script '/home/afro-robotics/robot_ws/install/local_setup.bash'
[4.831s] INFO:colcon.colcon_core.shell:Creating prefix chain script '/home/afro-robotics/robot_ws/install/setup.bash'
[4.835s] INFO:colcon.colcon_core.shell:Creating prefix script '/home/afro-robotics/robot_ws/install/local_setup.zsh'
[4.838s] INFO:colcon.colcon_core.shell:Creating prefix chain script '/home/afro-robotics/robot_ws/install/setup.zsh'
