[1.353s] Invoking command in '/home/afro-robotics/robot_ws/src/navigation': PYTHONPATH=/home/afro-robotics/robot_ws/build/navigation/prefix_override:/usr/lib/python3/dist-packages/colcon_core/task/python/colcon_distutils_commands:/home/afro-robotics/robot_ws/install/navigation/lib/python3.10/site-packages:${PYTHONPATH} /usr/bin/python3 -W ignore:setup.py install is deprecated -W ignore:easy_install command is deprecated setup.py egg_info --egg-base ../../build/navigation build --build-base /home/afro-robotics/robot_ws/build/navigation/build install --record /home/afro-robotics/robot_ws/build/navigation/install.log --single-version-externally-managed install_data
[1.942s] running egg_info
[1.943s] writing ../../build/navigation/navigation.egg-info/PKG-INFO
[1.943s] writing dependency_links to ../../build/navigation/navigation.egg-info/dependency_links.txt
[1.944s] writing entry points to ../../build/navigation/navigation.egg-info/entry_points.txt
[1.944s] writing requirements to ../../build/navigation/navigation.egg-info/requires.txt
[1.944s] writing top-level names to ../../build/navigation/navigation.egg-info/top_level.txt
[1.949s] reading manifest file '../../build/navigation/navigation.egg-info/SOURCES.txt'
[1.952s] writing manifest file '../../build/navigation/navigation.egg-info/SOURCES.txt'
[1.952s] running build
[1.952s] running build_py
[1.952s] copying navigation/navigation_node.py -> /home/afro-robotics/robot_ws/build/navigation/build/lib/navigation
[1.953s] running install
[1.954s] running install_lib
[1.956s] copying /home/afro-robotics/robot_ws/build/navigation/build/lib/navigation/navigation_node.py -> /home/afro-robotics/robot_ws/install/navigation/lib/python3.10/site-packages/navigation
[1.957s] byte-compiling /home/afro-robotics/robot_ws/install/navigation/lib/python3.10/site-packages/navigation/navigation_node.py to navigation_node.cpython-310.pyc
[1.963s] running install_data
[1.963s] running install_egg_info
[1.967s] removing '/home/afro-robotics/robot_ws/install/navigation/lib/python3.10/site-packages/navigation-0.0.0-py3.10.egg-info' (and everything under it)
[1.968s] Copying ../../build/navigation/navigation.egg-info to /home/afro-robotics/robot_ws/install/navigation/lib/python3.10/site-packages/navigation-0.0.0-py3.10.egg-info
[1.970s] running install_scripts
[2.010s] Installing motor_node script to /home/afro-robotics/robot_ws/install/navigation/lib/navigation
[2.011s] Installing navigation_node script to /home/afro-robotics/robot_ws/install/navigation/lib/navigation
[2.012s] writing list of installed files to '/home/afro-robotics/robot_ws/build/navigation/install.log'
[2.082s] Invoked command in '/home/afro-robotics/robot_ws/src/navigation' returned '0': PYTHONPATH=/home/afro-robotics/robot_ws/build/navigation/prefix_override:/usr/lib/python3/dist-packages/colcon_core/task/python/colcon_distutils_commands:/home/afro-robotics/robot_ws/install/navigation/lib/python3.10/site-packages:${PYTHONPATH} /usr/bin/python3 -W ignore:setup.py install is deprecated -W ignore:easy_install command is deprecated setup.py egg_info --egg-base ../../build/navigation build --build-base /home/afro-robotics/robot_ws/build/navigation/build install --record /home/afro-robotics/robot_ws/build/navigation/install.log --single-version-externally-managed install_data
