[1.779s] Invoking command in '/home/afro-robotics/robot_ws/src/image_acquisition': PYTHONPATH=/home/afro-robotics/robot_ws/build/image_acquisition/prefix_override:/usr/lib/python3/dist-packages/colcon_core/task/python/colcon_distutils_commands:/home/afro-robotics/robot_ws/install/image_acquisition/lib/python3.10/site-packages:${PYTHONPATH} /usr/bin/python3 -W ignore:setup.py install is deprecated -W ignore:easy_install command is deprecated setup.py egg_info --egg-base ../../build/image_acquisition build --build-base /home/afro-robotics/robot_ws/build/image_acquisition/build install --record /home/afro-robotics/robot_ws/build/image_acquisition/install.log --single-version-externally-managed install_data
[2.478s] running egg_info
[2.479s] writing ../../build/image_acquisition/image_acquisition.egg-info/PKG-INFO
[2.480s] writing dependency_links to ../../build/image_acquisition/image_acquisition.egg-info/dependency_links.txt
[2.481s] writing entry points to ../../build/image_acquisition/image_acquisition.egg-info/entry_points.txt
[2.481s] writing requirements to ../../build/image_acquisition/image_acquisition.egg-info/requires.txt
[2.481s] writing top-level names to ../../build/image_acquisition/image_acquisition.egg-info/top_level.txt
[2.487s] reading manifest file '../../build/image_acquisition/image_acquisition.egg-info/SOURCES.txt'
[2.490s] writing manifest file '../../build/image_acquisition/image_acquisition.egg-info/SOURCES.txt'
[2.490s] running build
[2.491s] running build_py
[2.491s] running install
[2.492s] running install_lib
[2.495s] running install_data
[2.496s] copying launch/image_acquisition.launch.py -> /home/afro-robotics/robot_ws/install/image_acquisition/share/image_acquisition/launch
[2.496s] running install_egg_info
[2.506s] removing '/home/afro-robotics/robot_ws/install/image_acquisition/lib/python3.10/site-packages/image_acquisition-0.0.1-py3.10.egg-info' (and everything under it)
[2.507s] Copying ../../build/image_acquisition/image_acquisition.egg-info to /home/afro-robotics/robot_ws/install/image_acquisition/lib/python3.10/site-packages/image_acquisition-0.0.1-py3.10.egg-info
[2.510s] running install_scripts
[2.566s] Installing camera_node script to /home/afro-robotics/robot_ws/install/image_acquisition/lib/image_acquisition
[2.566s] Installing yolo_detection_node script to /home/afro-robotics/robot_ws/install/image_acquisition/lib/image_acquisition
[2.567s] writing list of installed files to '/home/afro-robotics/robot_ws/build/image_acquisition/install.log'
[2.685s] Invoked command in '/home/afro-robotics/robot_ws/src/image_acquisition' returned '0': PYTHONPATH=/home/afro-robotics/robot_ws/build/image_acquisition/prefix_override:/usr/lib/python3/dist-packages/colcon_core/task/python/colcon_distutils_commands:/home/afro-robotics/robot_ws/install/image_acquisition/lib/python3.10/site-packages:${PYTHONPATH} /usr/bin/python3 -W ignore:setup.py install is deprecated -W ignore:easy_install command is deprecated setup.py egg_info --egg-base ../../build/image_acquisition build --build-base /home/afro-robotics/robot_ws/build/image_acquisition/build install --record /home/afro-robotics/robot_ws/build/image_acquisition/install.log --single-version-externally-managed install_data
