[0.388s] DEBUG:colcon:Command line arguments: ['/usr/bin/colcon', 'build', '--packages-select', 'image_acquisition']
[0.389s] DEBUG:colcon:Parsed command line arguments: Namespace(log_base=None, log_level=None, verb_name='build', build_base='build', install_base='install', merge_install=False, symlink_install=False, test_result_base=None, continue_on_error=False, executor='parallel', parallel_workers=6, event_handlers=None, ignore_user_meta=False, metas=['./colcon.meta'], base_paths=['.'], packages_ignore=None, packages_ignore_regex=None, paths=None, packages_up_to=None, packages_up_to_regex=None, packages_above=None, packages_above_and_dependencies=None, packages_above_depth=None, packages_select_by_dep=None, packages_skip_by_dep=None, packages_skip_up_to=None, packages_select_build_failed=False, packages_skip_build_finished=False, packages_select_test_failures=False, packages_skip_test_passed=False, packages_select=['image_acquisition'], packages_skip=None, packages_select_regex=None, packages_skip_regex=None, packages_start=None, packages_end=None, allow_overriding=[], cmake_args=None, cmake_target=None, cmake_target_skip_unavailable=False, cmake_clean_cache=False, cmake_clean_first=False, cmake_force_configure=False, ament_cmake_args=None, catkin_cmake_args=None, catkin_skip_building_tests=False, verb_parser=<colcon_defaults.argument_parser.defaults.DefaultArgumentsDecorator object at 0xffffbc9e9150>, verb_extension=<colcon_core.verb.build.BuildVerb object at 0xffffbc9e8c10>, main=<bound method BuildVerb.main of <colcon_core.verb.build.BuildVerb object at 0xffffbc9e8c10>>)
[0.865s] Level 1:colcon.colcon_core.package_discovery:discover_packages(colcon_meta) check parameters
[0.865s] Level 1:colcon.colcon_core.package_discovery:discover_packages(recursive) check parameters
[0.866s] Level 1:colcon.colcon_core.package_discovery:discover_packages(ignore) check parameters
[0.866s] Level 1:colcon.colcon_core.package_discovery:discover_packages(path) check parameters
[0.866s] Level 1:colcon.colcon_core.package_discovery:discover_packages(colcon_meta) discover
[0.866s] Level 1:colcon.colcon_core.package_discovery:discover_packages(recursive) discover
[0.866s] INFO:colcon.colcon_core.package_discovery:Crawling recursively for packages in '/home/afro-robotics/robot_ws'
[0.866s] Level 1:colcon.colcon_core.package_identification:_identify(.) by extensions ['ignore', 'ignore_ament_install']
[0.867s] Level 1:colcon.colcon_core.package_identification:_identify(.) by extension 'ignore'
[0.867s] Level 1:colcon.colcon_core.package_identification:_identify(.) by extension 'ignore_ament_install'
[0.867s] Level 1:colcon.colcon_core.package_identification:_identify(.) by extensions ['colcon_pkg']
[0.867s] Level 1:colcon.colcon_core.package_identification:_identify(.) by extension 'colcon_pkg'
[0.867s] Level 1:colcon.colcon_core.package_identification:_identify(.) by extensions ['colcon_meta']
[0.867s] Level 1:colcon.colcon_core.package_identification:_identify(.) by extension 'colcon_meta'
[0.868s] Level 1:colcon.colcon_core.package_identification:_identify(.) by extensions ['ros']
[0.868s] Level 1:colcon.colcon_core.package_identification:_identify(.) by extension 'ros'
[0.902s] Level 1:colcon.colcon_core.package_identification:_identify(.) by extensions ['cmake', 'python']
[0.903s] Level 1:colcon.colcon_core.package_identification:_identify(.) by extension 'cmake'
[0.903s] Level 1:colcon.colcon_core.package_identification:_identify(.) by extension 'python'
[0.903s] Level 1:colcon.colcon_core.package_identification:_identify(.) by extensions ['python_setup_py']
[0.903s] Level 1:colcon.colcon_core.package_identification:_identify(.) by extension 'python_setup_py'
[0.904s] Level 1:colcon.colcon_core.package_identification:_identify(build) by extensions ['ignore', 'ignore_ament_install']
[0.904s] Level 1:colcon.colcon_core.package_identification:_identify(build) by extension 'ignore'
[0.904s] Level 1:colcon.colcon_core.package_identification:_identify(build) ignored
[0.904s] Level 1:colcon.colcon_core.package_identification:_identify(install) by extensions ['ignore', 'ignore_ament_install']
[0.905s] Level 1:colcon.colcon_core.package_identification:_identify(install) by extension 'ignore'
[0.905s] Level 1:colcon.colcon_core.package_identification:_identify(install) ignored
[0.905s] Level 1:colcon.colcon_core.package_identification:_identify(log) by extensions ['ignore', 'ignore_ament_install']
[0.905s] Level 1:colcon.colcon_core.package_identification:_identify(log) by extension 'ignore'
[0.905s] Level 1:colcon.colcon_core.package_identification:_identify(log) ignored
[0.906s] Level 1:colcon.colcon_core.package_identification:_identify(models) by extensions ['ignore', 'ignore_ament_install']
[0.906s] Level 1:colcon.colcon_core.package_identification:_identify(models) by extension 'ignore'
[0.906s] Level 1:colcon.colcon_core.package_identification:_identify(models) by extension 'ignore_ament_install'
[0.906s] Level 1:colcon.colcon_core.package_identification:_identify(models) by extensions ['colcon_pkg']
[0.906s] Level 1:colcon.colcon_core.package_identification:_identify(models) by extension 'colcon_pkg'
[0.906s] Level 1:colcon.colcon_core.package_identification:_identify(models) by extensions ['colcon_meta']
[0.906s] Level 1:colcon.colcon_core.package_identification:_identify(models) by extension 'colcon_meta'
[0.907s] Level 1:colcon.colcon_core.package_identification:_identify(models) by extensions ['ros']
[0.907s] Level 1:colcon.colcon_core.package_identification:_identify(models) by extension 'ros'
[0.907s] Level 1:colcon.colcon_core.package_identification:_identify(models) by extensions ['cmake', 'python']
[0.907s] Level 1:colcon.colcon_core.package_identification:_identify(models) by extension 'cmake'
[0.907s] Level 1:colcon.colcon_core.package_identification:_identify(models) by extension 'python'
[0.907s] Level 1:colcon.colcon_core.package_identification:_identify(models) by extensions ['python_setup_py']
[0.907s] Level 1:colcon.colcon_core.package_identification:_identify(models) by extension 'python_setup_py'
[0.907s] Level 1:colcon.colcon_core.package_identification:_identify(src) by extensions ['ignore', 'ignore_ament_install']
[0.908s] Level 1:colcon.colcon_core.package_identification:_identify(src) by extension 'ignore'
[0.908s] Level 1:colcon.colcon_core.package_identification:_identify(src) by extension 'ignore_ament_install'
[0.908s] Level 1:colcon.colcon_core.package_identification:_identify(src) by extensions ['colcon_pkg']
[0.908s] Level 1:colcon.colcon_core.package_identification:_identify(src) by extension 'colcon_pkg'
[0.908s] Level 1:colcon.colcon_core.package_identification:_identify(src) by extensions ['colcon_meta']
[0.908s] Level 1:colcon.colcon_core.package_identification:_identify(src) by extension 'colcon_meta'
[0.908s] Level 1:colcon.colcon_core.package_identification:_identify(src) by extensions ['ros']
[0.908s] Level 1:colcon.colcon_core.package_identification:_identify(src) by extension 'ros'
[0.909s] Level 1:colcon.colcon_core.package_identification:_identify(src) by extensions ['cmake', 'python']
[0.909s] Level 1:colcon.colcon_core.package_identification:_identify(src) by extension 'cmake'
[0.909s] Level 1:colcon.colcon_core.package_identification:_identify(src) by extension 'python'
[0.909s] Level 1:colcon.colcon_core.package_identification:_identify(src) by extensions ['python_setup_py']
[0.909s] Level 1:colcon.colcon_core.package_identification:_identify(src) by extension 'python_setup_py'
[0.909s] Level 1:colcon.colcon_core.package_identification:_identify(src/image_acquisition) by extensions ['ignore', 'ignore_ament_install']
[0.910s] Level 1:colcon.colcon_core.package_identification:_identify(src/image_acquisition) by extension 'ignore'
[0.910s] Level 1:colcon.colcon_core.package_identification:_identify(src/image_acquisition) by extension 'ignore_ament_install'
[0.910s] Level 1:colcon.colcon_core.package_identification:_identify(src/image_acquisition) by extensions ['colcon_pkg']
[0.910s] Level 1:colcon.colcon_core.package_identification:_identify(src/image_acquisition) by extension 'colcon_pkg'
[0.910s] Level 1:colcon.colcon_core.package_identification:_identify(src/image_acquisition) by extensions ['colcon_meta']
[0.910s] Level 1:colcon.colcon_core.package_identification:_identify(src/image_acquisition) by extension 'colcon_meta'
[0.910s] Level 1:colcon.colcon_core.package_identification:_identify(src/image_acquisition) by extensions ['ros']
[0.910s] Level 1:colcon.colcon_core.package_identification:_identify(src/image_acquisition) by extension 'ros'
[0.922s] DEBUG:colcon.colcon_core.package_identification:Package 'src/image_acquisition' with type 'ros.ament_python' and name 'image_acquisition'
[0.923s] Level 1:colcon.colcon_core.package_identification:_identify(src/navigation) by extensions ['ignore', 'ignore_ament_install']
[0.923s] Level 1:colcon.colcon_core.package_identification:_identify(src/navigation) by extension 'ignore'
[0.924s] Level 1:colcon.colcon_core.package_identification:_identify(src/navigation) by extension 'ignore_ament_install'
[0.924s] Level 1:colcon.colcon_core.package_identification:_identify(src/navigation) by extensions ['colcon_pkg']
[0.924s] Level 1:colcon.colcon_core.package_identification:_identify(src/navigation) by extension 'colcon_pkg'
[0.924s] Level 1:colcon.colcon_core.package_identification:_identify(src/navigation) by extensions ['colcon_meta']
[0.924s] Level 1:colcon.colcon_core.package_identification:_identify(src/navigation) by extension 'colcon_meta'
[0.924s] Level 1:colcon.colcon_core.package_identification:_identify(src/navigation) by extensions ['ros']
[0.924s] Level 1:colcon.colcon_core.package_identification:_identify(src/navigation) by extension 'ros'
[0.926s] DEBUG:colcon.colcon_core.package_identification:Package 'src/navigation' with type 'ros.ament_python' and name 'navigation'
[0.926s] Level 1:colcon.colcon_core.package_identification:_identify(src/orchestration) by extensions ['ignore', 'ignore_ament_install']
[0.926s] Level 1:colcon.colcon_core.package_identification:_identify(src/orchestration) by extension 'ignore'
[0.927s] Level 1:colcon.colcon_core.package_identification:_identify(src/orchestration) by extension 'ignore_ament_install'
[0.927s] Level 1:colcon.colcon_core.package_identification:_identify(src/orchestration) by extensions ['colcon_pkg']
[0.927s] Level 1:colcon.colcon_core.package_identification:_identify(src/orchestration) by extension 'colcon_pkg'
[0.927s] Level 1:colcon.colcon_core.package_identification:_identify(src/orchestration) by extensions ['colcon_meta']
[0.927s] Level 1:colcon.colcon_core.package_identification:_identify(src/orchestration) by extension 'colcon_meta'
[0.927s] Level 1:colcon.colcon_core.package_identification:_identify(src/orchestration) by extensions ['ros']
[0.927s] Level 1:colcon.colcon_core.package_identification:_identify(src/orchestration) by extension 'ros'
[0.929s] DEBUG:colcon.colcon_core.package_identification:Package 'src/orchestration' with type 'ros.ament_python' and name 'orchestration'
[0.929s] Level 1:colcon.colcon_core.package_discovery:discover_packages(recursive) using defaults
[0.929s] Level 1:colcon.colcon_core.package_discovery:discover_packages(ignore) discover
[0.929s] Level 1:colcon.colcon_core.package_discovery:discover_packages(ignore) using defaults
[0.929s] Level 1:colcon.colcon_core.package_discovery:discover_packages(path) discover
[0.929s] Level 1:colcon.colcon_core.package_discovery:discover_packages(path) using defaults
[1.056s] INFO:colcon.colcon_core.package_selection:Skipping not selected package 'navigation' in 'src/navigation'
[1.056s] INFO:colcon.colcon_core.package_selection:Skipping not selected package 'orchestration' in 'src/orchestration'
[1.059s] Level 1:colcon.colcon_core.package_discovery:discover_packages(prefix_path) check parameters
[1.059s] Level 1:colcon.colcon_core.package_discovery:discover_packages(prefix_path) discover
[1.067s] DEBUG:colcon.colcon_installed_package_information.package_discovery:Found 3 installed packages in /home/afro-robotics/robot_ws/install
[1.070s] DEBUG:colcon.colcon_installed_package_information.package_discovery:Found 280 installed packages in /opt/ros/humble
[1.073s] Level 1:colcon.colcon_core.package_discovery:discover_packages(prefix_path) using defaults
[1.173s] Level 5:colcon.colcon_core.verb:set package 'image_acquisition' build argument 'cmake_args' from command line to 'None'
[1.173s] Level 5:colcon.colcon_core.verb:set package 'image_acquisition' build argument 'cmake_target' from command line to 'None'
[1.174s] Level 5:colcon.colcon_core.verb:set package 'image_acquisition' build argument 'cmake_target_skip_unavailable' from command line to 'False'
[1.174s] Level 5:colcon.colcon_core.verb:set package 'image_acquisition' build argument 'cmake_clean_cache' from command line to 'False'
[1.174s] Level 5:colcon.colcon_core.verb:set package 'image_acquisition' build argument 'cmake_clean_first' from command line to 'False'
[1.174s] Level 5:colcon.colcon_core.verb:set package 'image_acquisition' build argument 'cmake_force_configure' from command line to 'False'
[1.174s] Level 5:colcon.colcon_core.verb:set package 'image_acquisition' build argument 'ament_cmake_args' from command line to 'None'
[1.174s] Level 5:colcon.colcon_core.verb:set package 'image_acquisition' build argument 'catkin_cmake_args' from command line to 'None'
[1.174s] Level 5:colcon.colcon_core.verb:set package 'image_acquisition' build argument 'catkin_skip_building_tests' from command line to 'False'
[1.174s] DEBUG:colcon.colcon_core.verb:Building package 'image_acquisition' with the following arguments: {'ament_cmake_args': None, 'build_base': '/home/afro-robotics/robot_ws/build/image_acquisition', 'catkin_cmake_args': None, 'catkin_skip_building_tests': False, 'cmake_args': None, 'cmake_clean_cache': False, 'cmake_clean_first': False, 'cmake_force_configure': False, 'cmake_target': None, 'cmake_target_skip_unavailable': False, 'install_base': '/home/afro-robotics/robot_ws/install/image_acquisition', 'merge_install': False, 'path': '/home/afro-robotics/robot_ws/src/image_acquisition', 'symlink_install': False, 'test_result_base': None}
[1.175s] INFO:colcon.colcon_core.executor:Executing jobs using 'parallel' executor
[1.178s] DEBUG:colcon.colcon_parallel_executor.executor.parallel:run_until_complete
[1.179s] INFO:colcon.colcon_ros.task.ament_python.build:Building ROS package in '/home/afro-robotics/robot_ws/src/image_acquisition' with build type 'ament_python'
[1.180s] Level 1:colcon.colcon_core.shell:create_environment_hook('image_acquisition', 'ament_prefix_path')
[1.187s] INFO:colcon.colcon_core.plugin_system:Skipping extension 'colcon_core.shell.bat': Not used on non-Windows systems
[1.188s] INFO:colcon.colcon_core.shell:Creating environment hook '/home/afro-robotics/robot_ws/install/image_acquisition/share/image_acquisition/hook/ament_prefix_path.ps1'
[1.190s] INFO:colcon.colcon_core.shell:Creating environment descriptor '/home/afro-robotics/robot_ws/install/image_acquisition/share/image_acquisition/hook/ament_prefix_path.dsv'
[1.192s] INFO:colcon.colcon_core.shell:Creating environment hook '/home/afro-robotics/robot_ws/install/image_acquisition/share/image_acquisition/hook/ament_prefix_path.sh'
[1.194s] INFO:colcon.colcon_core.shell:Skip shell extension 'powershell' for command environment: Not usable outside of PowerShell
[1.194s] DEBUG:colcon.colcon_core.shell:Skip shell extension 'dsv' for command environment
[1.939s] INFO:colcon.colcon_core.task.python.build:Building Python package in '/home/afro-robotics/robot_ws/src/image_acquisition'
[1.940s] INFO:colcon.colcon_core.shell:Skip shell extension 'powershell' for command environment: Not usable outside of PowerShell
[1.940s] DEBUG:colcon.colcon_core.shell:Skip shell extension 'dsv' for command environment
[2.962s] DEBUG:colcon.colcon_core.event_handler.log_command:Invoking command in '/home/afro-robotics/robot_ws/src/image_acquisition': PYTHONPATH=/home/afro-robotics/robot_ws/build/image_acquisition/prefix_override:/usr/lib/python3/dist-packages/colcon_core/task/python/colcon_distutils_commands:/home/afro-robotics/robot_ws/install/image_acquisition/lib/python3.10/site-packages:${PYTHONPATH} /usr/bin/python3 -W ignore:setup.py install is deprecated -W ignore:easy_install command is deprecated setup.py egg_info --egg-base ../../build/image_acquisition build --build-base /home/afro-robotics/robot_ws/build/image_acquisition/build install --record /home/afro-robotics/robot_ws/build/image_acquisition/install.log --single-version-externally-managed install_data
[3.835s] DEBUG:colcon.colcon_core.event_handler.log_command:Invoked command in '/home/afro-robotics/robot_ws/src/image_acquisition' returned '0': PYTHONPATH=/home/afro-robotics/robot_ws/build/image_acquisition/prefix_override:/usr/lib/python3/dist-packages/colcon_core/task/python/colcon_distutils_commands:/home/afro-robotics/robot_ws/install/image_acquisition/lib/python3.10/site-packages:${PYTHONPATH} /usr/bin/python3 -W ignore:setup.py install is deprecated -W ignore:easy_install command is deprecated setup.py egg_info --egg-base ../../build/image_acquisition build --build-base /home/afro-robotics/robot_ws/build/image_acquisition/build install --record /home/afro-robotics/robot_ws/build/image_acquisition/install.log --single-version-externally-managed install_data
[3.849s] Level 1:colcon.colcon_core.environment:checking '/home/afro-robotics/robot_ws/install/image_acquisition' for CMake module files
[3.851s] Level 1:colcon.colcon_core.environment:checking '/home/afro-robotics/robot_ws/install/image_acquisition' for CMake config files
[3.855s] Level 1:colcon.colcon_core.environment:checking '/home/afro-robotics/robot_ws/install/image_acquisition/lib'
[3.855s] Level 1:colcon.colcon_core.environment:checking '/home/afro-robotics/robot_ws/install/image_acquisition/bin'
[3.856s] Level 1:colcon.colcon_core.environment:checking '/home/afro-robotics/robot_ws/install/image_acquisition/lib/pkgconfig/image_acquisition.pc'
[3.857s] Level 1:colcon.colcon_core.environment:checking '/home/afro-robotics/robot_ws/install/image_acquisition/lib/python3.10/site-packages'
[3.857s] Level 1:colcon.colcon_core.shell:create_environment_hook('image_acquisition', 'pythonpath')
[3.858s] INFO:colcon.colcon_core.shell:Creating environment hook '/home/afro-robotics/robot_ws/install/image_acquisition/share/image_acquisition/hook/pythonpath.ps1'
[3.861s] INFO:colcon.colcon_core.shell:Creating environment descriptor '/home/afro-robotics/robot_ws/install/image_acquisition/share/image_acquisition/hook/pythonpath.dsv'
[3.862s] INFO:colcon.colcon_core.shell:Creating environment hook '/home/afro-robotics/robot_ws/install/image_acquisition/share/image_acquisition/hook/pythonpath.sh'
[3.865s] Level 1:colcon.colcon_core.environment:checking '/home/afro-robotics/robot_ws/install/image_acquisition/bin'
[3.866s] Level 1:colcon.colcon_core.environment:create_environment_scripts_only(image_acquisition)
[3.867s] INFO:colcon.colcon_core.shell:Creating package script '/home/afro-robotics/robot_ws/install/image_acquisition/share/image_acquisition/package.ps1'
[3.873s] INFO:colcon.colcon_core.shell:Creating package descriptor '/home/afro-robotics/robot_ws/install/image_acquisition/share/image_acquisition/package.dsv'
[3.877s] INFO:colcon.colcon_core.shell:Creating package script '/home/afro-robotics/robot_ws/install/image_acquisition/share/image_acquisition/package.sh'
[3.880s] INFO:colcon.colcon_core.shell:Creating package script '/home/afro-robotics/robot_ws/install/image_acquisition/share/image_acquisition/package.bash'
[3.884s] INFO:colcon.colcon_core.shell:Creating package script '/home/afro-robotics/robot_ws/install/image_acquisition/share/image_acquisition/package.zsh'
[3.887s] Level 1:colcon.colcon_core.environment:create_file_with_runtime_dependencies(/home/afro-robotics/robot_ws/install/image_acquisition/share/colcon-core/packages/image_acquisition)
[3.889s] DEBUG:colcon.colcon_parallel_executor.executor.parallel:closing loop
[3.890s] DEBUG:colcon.colcon_parallel_executor.executor.parallel:loop closed
[3.891s] DEBUG:colcon.colcon_parallel_executor.executor.parallel:run_until_complete finished with '0'
[3.891s] DEBUG:colcon.colcon_core.event_reactor:joining thread
[3.927s] INFO:colcon.colcon_core.plugin_system:Skipping extension 'colcon_notification.desktop_notification.terminal_notifier': Not used on non-Darwin systems
[3.928s] INFO:colcon.colcon_core.plugin_system:Skipping extension 'colcon_notification.desktop_notification.win32': Not used on non-Windows systems
[3.928s] INFO:colcon.colcon_notification.desktop_notification:Sending desktop notification using 'notify2'
[3.979s] DEBUG:colcon.colcon_core.event_reactor:joined thread
[3.981s] INFO:colcon.colcon_core.shell:Creating prefix script '/home/afro-robotics/robot_ws/install/local_setup.ps1'
[3.988s] INFO:colcon.colcon_core.shell:Creating prefix util module '/home/afro-robotics/robot_ws/install/_local_setup_util_ps1.py'
[3.994s] INFO:colcon.colcon_core.shell:Creating prefix chain script '/home/afro-robotics/robot_ws/install/setup.ps1'
[4.000s] INFO:colcon.colcon_core.shell:Creating prefix script '/home/afro-robotics/robot_ws/install/local_setup.sh'
[4.003s] INFO:colcon.colcon_core.shell:Creating prefix util module '/home/afro-robotics/robot_ws/install/_local_setup_util_sh.py'
[4.006s] INFO:colcon.colcon_core.shell:Creating prefix chain script '/home/afro-robotics/robot_ws/install/setup.sh'
[4.013s] INFO:colcon.colcon_core.shell:Creating prefix script '/home/afro-robotics/robot_ws/install/local_setup.bash'
[4.016s] INFO:colcon.colcon_core.shell:Creating prefix chain script '/home/afro-robotics/robot_ws/install/setup.bash'
[4.021s] INFO:colcon.colcon_core.shell:Creating prefix script '/home/afro-robotics/robot_ws/install/local_setup.zsh'
[4.024s] INFO:colcon.colcon_core.shell:Creating prefix chain script '/home/afro-robotics/robot_ws/install/setup.zsh'
