[1.610s] Invoking command in '/home/afro-robotics/robot_ws/src/navigation': PYTHONPATH=/home/afro-robotics/robot_ws/build/navigation/prefix_override:/usr/lib/python3/dist-packages/colcon_core/task/python/colcon_distutils_commands:/home/afro-robotics/robot_ws/install/navigation/lib/python3.10/site-packages:${PYTHONPATH} /usr/bin/python3 -W ignore:setup.py install is deprecated -W ignore:easy_install command is deprecated setup.py egg_info --egg-base ../../build/navigation build --build-base /home/afro-robotics/robot_ws/build/navigation/build install --record /home/afro-robotics/robot_ws/build/navigation/install.log --single-version-externally-managed install_data
[2.144s] running egg_info
[2.146s] writing ../../build/navigation/navigation.egg-info/PKG-INFO
[2.148s] writing dependency_links to ../../build/navigation/navigation.egg-info/dependency_links.txt
[2.148s] writing entry points to ../../build/navigation/navigation.egg-info/entry_points.txt
[2.149s] writing requirements to ../../build/navigation/navigation.egg-info/requires.txt
[2.149s] writing top-level names to ../../build/navigation/navigation.egg-info/top_level.txt
[2.154s] reading manifest file '../../build/navigation/navigation.egg-info/SOURCES.txt'
[2.156s] writing manifest file '../../build/navigation/navigation.egg-info/SOURCES.txt'
[2.156s] running build
[2.156s] running build_py
[2.181s] copying navigation/navigation_node.py -> /home/afro-robotics/robot_ws/build/navigation/build/lib/navigation
[2.182s] running install
[2.182s] running install_lib
[2.184s] copying /home/afro-robotics/robot_ws/build/navigation/build/lib/navigation/navigation_node.py -> /home/afro-robotics/robot_ws/install/navigation/lib/python3.10/site-packages/navigation
[2.186s] byte-compiling /home/afro-robotics/robot_ws/install/navigation/lib/python3.10/site-packages/navigation/navigation_node.py to navigation_node.cpython-310.pyc
[2.195s] running install_data
[2.196s] running install_egg_info
[2.200s] removing '/home/afro-robotics/robot_ws/install/navigation/lib/python3.10/site-packages/navigation-0.0.0-py3.10.egg-info' (and everything under it)
[2.201s] Copying ../../build/navigation/navigation.egg-info to /home/afro-robotics/robot_ws/install/navigation/lib/python3.10/site-packages/navigation-0.0.0-py3.10.egg-info
[2.204s] running install_scripts
[2.247s] Installing motor_node script to /home/afro-robotics/robot_ws/install/navigation/lib/navigation
[2.247s] Installing navigation_node script to /home/afro-robotics/robot_ws/install/navigation/lib/navigation
[2.248s] writing list of installed files to '/home/afro-robotics/robot_ws/build/navigation/install.log'
[2.318s] Invoked command in '/home/afro-robotics/robot_ws/src/navigation' returned '0': PYTHONPATH=/home/afro-robotics/robot_ws/build/navigation/prefix_override:/usr/lib/python3/dist-packages/colcon_core/task/python/colcon_distutils_commands:/home/afro-robotics/robot_ws/install/navigation/lib/python3.10/site-packages:${PYTHONPATH} /usr/bin/python3 -W ignore:setup.py install is deprecated -W ignore:easy_install command is deprecated setup.py egg_info --egg-base ../../build/navigation build --build-base /home/afro-robotics/robot_ws/build/navigation/build install --record /home/afro-robotics/robot_ws/build/navigation/install.log --single-version-externally-managed install_data
