[0.366s] DEBUG:colcon:Command line arguments: ['/usr/bin/colcon', 'build', '--packages-select', 'image_acquisition']
[0.367s] DEBUG:colcon:Parsed command line arguments: Namespace(log_base=None, log_level=None, verb_name='build', build_base='build', install_base='install', merge_install=False, symlink_install=False, test_result_base=None, continue_on_error=False, executor='parallel', parallel_workers=6, event_handlers=None, ignore_user_meta=False, metas=['./colcon.meta'], base_paths=['.'], packages_ignore=None, packages_ignore_regex=None, paths=None, packages_up_to=None, packages_up_to_regex=None, packages_above=None, packages_above_and_dependencies=None, packages_above_depth=None, packages_select_by_dep=None, packages_skip_by_dep=None, packages_skip_up_to=None, packages_select_build_failed=False, packages_skip_build_finished=False, packages_select_test_failures=False, packages_skip_test_passed=False, packages_select=['image_acquisition'], packages_skip=None, packages_select_regex=None, packages_skip_regex=None, packages_start=None, packages_end=None, allow_overriding=[], cmake_args=None, cmake_target=None, cmake_target_skip_unavailable=False, cmake_clean_cache=False, cmake_clean_first=False, cmake_force_configure=False, ament_cmake_args=None, catkin_cmake_args=None, catkin_skip_building_tests=False, verb_parser=<colcon_defaults.argument_parser.defaults.DefaultArgumentsDecorator object at 0xffff9b424fa0>, verb_extension=<colcon_core.verb.build.BuildVerb object at 0xffff9b424a60>, main=<bound method BuildVerb.main of <colcon_core.verb.build.BuildVerb object at 0xffff9b424a60>>)
[1.320s] Level 1:colcon.colcon_core.package_discovery:discover_packages(colcon_meta) check parameters
[1.320s] Level 1:colcon.colcon_core.package_discovery:discover_packages(recursive) check parameters
[1.321s] Level 1:colcon.colcon_core.package_discovery:discover_packages(ignore) check parameters
[1.321s] Level 1:colcon.colcon_core.package_discovery:discover_packages(path) check parameters
[1.321s] Level 1:colcon.colcon_core.package_discovery:discover_packages(colcon_meta) discover
[1.321s] Level 1:colcon.colcon_core.package_discovery:discover_packages(recursive) discover
[1.322s] INFO:colcon.colcon_core.package_discovery:Crawling recursively for packages in '/home/afro-robotics/robot_ws'
[1.322s] Level 1:colcon.colcon_core.package_identification:_identify(.) by extensions ['ignore', 'ignore_ament_install']
[1.322s] Level 1:colcon.colcon_core.package_identification:_identify(.) by extension 'ignore'
[1.323s] Level 1:colcon.colcon_core.package_identification:_identify(.) by extension 'ignore_ament_install'
[1.323s] Level 1:colcon.colcon_core.package_identification:_identify(.) by extensions ['colcon_pkg']
[1.323s] Level 1:colcon.colcon_core.package_identification:_identify(.) by extension 'colcon_pkg'
[1.323s] Level 1:colcon.colcon_core.package_identification:_identify(.) by extensions ['colcon_meta']
[1.323s] Level 1:colcon.colcon_core.package_identification:_identify(.) by extension 'colcon_meta'
[1.323s] Level 1:colcon.colcon_core.package_identification:_identify(.) by extensions ['ros']
[1.323s] Level 1:colcon.colcon_core.package_identification:_identify(.) by extension 'ros'
[1.365s] Level 1:colcon.colcon_core.package_identification:_identify(.) by extensions ['cmake', 'python']
[1.365s] Level 1:colcon.colcon_core.package_identification:_identify(.) by extension 'cmake'
[1.365s] Level 1:colcon.colcon_core.package_identification:_identify(.) by extension 'python'
[1.365s] Level 1:colcon.colcon_core.package_identification:_identify(.) by extensions ['python_setup_py']
[1.365s] Level 1:colcon.colcon_core.package_identification:_identify(.) by extension 'python_setup_py'
[1.366s] Level 1:colcon.colcon_core.package_identification:_identify(build) by extensions ['ignore', 'ignore_ament_install']
[1.366s] Level 1:colcon.colcon_core.package_identification:_identify(build) by extension 'ignore'
[1.366s] Level 1:colcon.colcon_core.package_identification:_identify(build) ignored
[1.367s] Level 1:colcon.colcon_core.package_identification:_identify(install) by extensions ['ignore', 'ignore_ament_install']
[1.367s] Level 1:colcon.colcon_core.package_identification:_identify(install) by extension 'ignore'
[1.367s] Level 1:colcon.colcon_core.package_identification:_identify(install) ignored
[1.367s] Level 1:colcon.colcon_core.package_identification:_identify(log) by extensions ['ignore', 'ignore_ament_install']
[1.367s] Level 1:colcon.colcon_core.package_identification:_identify(log) by extension 'ignore'
[1.368s] Level 1:colcon.colcon_core.package_identification:_identify(log) ignored
[1.368s] Level 1:colcon.colcon_core.package_identification:_identify(models) by extensions ['ignore', 'ignore_ament_install']
[1.368s] Level 1:colcon.colcon_core.package_identification:_identify(models) by extension 'ignore'
[1.368s] Level 1:colcon.colcon_core.package_identification:_identify(models) by extension 'ignore_ament_install'
[1.368s] Level 1:colcon.colcon_core.package_identification:_identify(models) by extensions ['colcon_pkg']
[1.368s] Level 1:colcon.colcon_core.package_identification:_identify(models) by extension 'colcon_pkg'
[1.368s] Level 1:colcon.colcon_core.package_identification:_identify(models) by extensions ['colcon_meta']
[1.368s] Level 1:colcon.colcon_core.package_identification:_identify(models) by extension 'colcon_meta'
[1.369s] Level 1:colcon.colcon_core.package_identification:_identify(models) by extensions ['ros']
[1.369s] Level 1:colcon.colcon_core.package_identification:_identify(models) by extension 'ros'
[1.369s] Level 1:colcon.colcon_core.package_identification:_identify(models) by extensions ['cmake', 'python']
[1.369s] Level 1:colcon.colcon_core.package_identification:_identify(models) by extension 'cmake'
[1.369s] Level 1:colcon.colcon_core.package_identification:_identify(models) by extension 'python'
[1.369s] Level 1:colcon.colcon_core.package_identification:_identify(models) by extensions ['python_setup_py']
[1.369s] Level 1:colcon.colcon_core.package_identification:_identify(models) by extension 'python_setup_py'
[1.370s] Level 1:colcon.colcon_core.package_identification:_identify(src) by extensions ['ignore', 'ignore_ament_install']
[1.370s] Level 1:colcon.colcon_core.package_identification:_identify(src) by extension 'ignore'
[1.370s] Level 1:colcon.colcon_core.package_identification:_identify(src) by extension 'ignore_ament_install'
[1.370s] Level 1:colcon.colcon_core.package_identification:_identify(src) by extensions ['colcon_pkg']
[1.370s] Level 1:colcon.colcon_core.package_identification:_identify(src) by extension 'colcon_pkg'
[1.370s] Level 1:colcon.colcon_core.package_identification:_identify(src) by extensions ['colcon_meta']
[1.370s] Level 1:colcon.colcon_core.package_identification:_identify(src) by extension 'colcon_meta'
[1.370s] Level 1:colcon.colcon_core.package_identification:_identify(src) by extensions ['ros']
[1.370s] Level 1:colcon.colcon_core.package_identification:_identify(src) by extension 'ros'
[1.371s] Level 1:colcon.colcon_core.package_identification:_identify(src) by extensions ['cmake', 'python']
[1.371s] Level 1:colcon.colcon_core.package_identification:_identify(src) by extension 'cmake'
[1.371s] Level 1:colcon.colcon_core.package_identification:_identify(src) by extension 'python'
[1.371s] Level 1:colcon.colcon_core.package_identification:_identify(src) by extensions ['python_setup_py']
[1.371s] Level 1:colcon.colcon_core.package_identification:_identify(src) by extension 'python_setup_py'
[1.371s] Level 1:colcon.colcon_core.package_identification:_identify(src/image_acquisition) by extensions ['ignore', 'ignore_ament_install']
[1.371s] Level 1:colcon.colcon_core.package_identification:_identify(src/image_acquisition) by extension 'ignore'
[1.372s] Level 1:colcon.colcon_core.package_identification:_identify(src/image_acquisition) by extension 'ignore_ament_install'
[1.372s] Level 1:colcon.colcon_core.package_identification:_identify(src/image_acquisition) by extensions ['colcon_pkg']
[1.372s] Level 1:colcon.colcon_core.package_identification:_identify(src/image_acquisition) by extension 'colcon_pkg'
[1.372s] Level 1:colcon.colcon_core.package_identification:_identify(src/image_acquisition) by extensions ['colcon_meta']
[1.372s] Level 1:colcon.colcon_core.package_identification:_identify(src/image_acquisition) by extension 'colcon_meta'
[1.372s] Level 1:colcon.colcon_core.package_identification:_identify(src/image_acquisition) by extensions ['ros']
[1.372s] Level 1:colcon.colcon_core.package_identification:_identify(src/image_acquisition) by extension 'ros'
[1.385s] DEBUG:colcon.colcon_core.package_identification:Package 'src/image_acquisition' with type 'ros.ament_python' and name 'image_acquisition'
[1.386s] Level 1:colcon.colcon_core.package_identification:_identify(src/navigation) by extensions ['ignore', 'ignore_ament_install']
[1.386s] Level 1:colcon.colcon_core.package_identification:_identify(src/navigation) by extension 'ignore'
[1.386s] Level 1:colcon.colcon_core.package_identification:_identify(src/navigation) by extension 'ignore_ament_install'
[1.386s] Level 1:colcon.colcon_core.package_identification:_identify(src/navigation) by extensions ['colcon_pkg']
[1.386s] Level 1:colcon.colcon_core.package_identification:_identify(src/navigation) by extension 'colcon_pkg'
[1.387s] Level 1:colcon.colcon_core.package_identification:_identify(src/navigation) by extensions ['colcon_meta']
[1.387s] Level 1:colcon.colcon_core.package_identification:_identify(src/navigation) by extension 'colcon_meta'
[1.387s] Level 1:colcon.colcon_core.package_identification:_identify(src/navigation) by extensions ['ros']
[1.387s] Level 1:colcon.colcon_core.package_identification:_identify(src/navigation) by extension 'ros'
[1.389s] DEBUG:colcon.colcon_core.package_identification:Package 'src/navigation' with type 'ros.ament_python' and name 'navigation'
[1.390s] Level 1:colcon.colcon_core.package_identification:_identify(src/orchestration) by extensions ['ignore', 'ignore_ament_install']
[1.390s] Level 1:colcon.colcon_core.package_identification:_identify(src/orchestration) by extension 'ignore'
[1.390s] Level 1:colcon.colcon_core.package_identification:_identify(src/orchestration) by extension 'ignore_ament_install'
[1.390s] Level 1:colcon.colcon_core.package_identification:_identify(src/orchestration) by extensions ['colcon_pkg']
[1.390s] Level 1:colcon.colcon_core.package_identification:_identify(src/orchestration) by extension 'colcon_pkg'
[1.390s] Level 1:colcon.colcon_core.package_identification:_identify(src/orchestration) by extensions ['colcon_meta']
[1.390s] Level 1:colcon.colcon_core.package_identification:_identify(src/orchestration) by extension 'colcon_meta'
[1.391s] Level 1:colcon.colcon_core.package_identification:_identify(src/orchestration) by extensions ['ros']
[1.391s] Level 1:colcon.colcon_core.package_identification:_identify(src/orchestration) by extension 'ros'
[1.393s] DEBUG:colcon.colcon_core.package_identification:Package 'src/orchestration' with type 'ros.ament_python' and name 'orchestration'
[1.393s] Level 1:colcon.colcon_core.package_discovery:discover_packages(recursive) using defaults
[1.393s] Level 1:colcon.colcon_core.package_discovery:discover_packages(ignore) discover
[1.393s] Level 1:colcon.colcon_core.package_discovery:discover_packages(ignore) using defaults
[1.393s] Level 1:colcon.colcon_core.package_discovery:discover_packages(path) discover
[1.393s] Level 1:colcon.colcon_core.package_discovery:discover_packages(path) using defaults
[1.536s] INFO:colcon.colcon_core.package_selection:Skipping not selected package 'navigation' in 'src/navigation'
[1.537s] INFO:colcon.colcon_core.package_selection:Skipping not selected package 'orchestration' in 'src/orchestration'
[1.539s] Level 1:colcon.colcon_core.package_discovery:discover_packages(prefix_path) check parameters
[1.539s] Level 1:colcon.colcon_core.package_discovery:discover_packages(prefix_path) discover
[1.547s] DEBUG:colcon.colcon_installed_package_information.package_discovery:Found 3 installed packages in /home/afro-robotics/robot_ws/install
[1.550s] DEBUG:colcon.colcon_installed_package_information.package_discovery:Found 280 installed packages in /opt/ros/humble
[1.553s] Level 1:colcon.colcon_core.package_discovery:discover_packages(prefix_path) using defaults
[1.652s] Level 5:colcon.colcon_core.verb:set package 'image_acquisition' build argument 'cmake_args' from command line to 'None'
[1.652s] Level 5:colcon.colcon_core.verb:set package 'image_acquisition' build argument 'cmake_target' from command line to 'None'
[1.652s] Level 5:colcon.colcon_core.verb:set package 'image_acquisition' build argument 'cmake_target_skip_unavailable' from command line to 'False'
[1.652s] Level 5:colcon.colcon_core.verb:set package 'image_acquisition' build argument 'cmake_clean_cache' from command line to 'False'
[1.652s] Level 5:colcon.colcon_core.verb:set package 'image_acquisition' build argument 'cmake_clean_first' from command line to 'False'
[1.652s] Level 5:colcon.colcon_core.verb:set package 'image_acquisition' build argument 'cmake_force_configure' from command line to 'False'
[1.652s] Level 5:colcon.colcon_core.verb:set package 'image_acquisition' build argument 'ament_cmake_args' from command line to 'None'
[1.653s] Level 5:colcon.colcon_core.verb:set package 'image_acquisition' build argument 'catkin_cmake_args' from command line to 'None'
[1.653s] Level 5:colcon.colcon_core.verb:set package 'image_acquisition' build argument 'catkin_skip_building_tests' from command line to 'False'
[1.653s] DEBUG:colcon.colcon_core.verb:Building package 'image_acquisition' with the following arguments: {'ament_cmake_args': None, 'build_base': '/home/afro-robotics/robot_ws/build/image_acquisition', 'catkin_cmake_args': None, 'catkin_skip_building_tests': False, 'cmake_args': None, 'cmake_clean_cache': False, 'cmake_clean_first': False, 'cmake_force_configure': False, 'cmake_target': None, 'cmake_target_skip_unavailable': False, 'install_base': '/home/afro-robotics/robot_ws/install/image_acquisition', 'merge_install': False, 'path': '/home/afro-robotics/robot_ws/src/image_acquisition', 'symlink_install': False, 'test_result_base': None}
[1.653s] INFO:colcon.colcon_core.executor:Executing jobs using 'parallel' executor
[1.657s] DEBUG:colcon.colcon_parallel_executor.executor.parallel:run_until_complete
[1.658s] INFO:colcon.colcon_ros.task.ament_python.build:Building ROS package in '/home/afro-robotics/robot_ws/src/image_acquisition' with build type 'ament_python'
[1.659s] Level 1:colcon.colcon_core.shell:create_environment_hook('image_acquisition', 'ament_prefix_path')
[1.671s] INFO:colcon.colcon_core.plugin_system:Skipping extension 'colcon_core.shell.bat': Not used on non-Windows systems
[1.672s] INFO:colcon.colcon_core.shell:Creating environment hook '/home/afro-robotics/robot_ws/install/image_acquisition/share/image_acquisition/hook/ament_prefix_path.ps1'
[1.675s] INFO:colcon.colcon_core.shell:Creating environment descriptor '/home/afro-robotics/robot_ws/install/image_acquisition/share/image_acquisition/hook/ament_prefix_path.dsv'
[1.681s] INFO:colcon.colcon_core.shell:Creating environment hook '/home/afro-robotics/robot_ws/install/image_acquisition/share/image_acquisition/hook/ament_prefix_path.sh'
[1.685s] INFO:colcon.colcon_core.shell:Skip shell extension 'powershell' for command environment: Not usable outside of PowerShell
[1.685s] DEBUG:colcon.colcon_core.shell:Skip shell extension 'dsv' for command environment
[2.400s] INFO:colcon.colcon_core.task.python.build:Building Python package in '/home/afro-robotics/robot_ws/src/image_acquisition'
[2.401s] INFO:colcon.colcon_core.shell:Skip shell extension 'powershell' for command environment: Not usable outside of PowerShell
[2.402s] DEBUG:colcon.colcon_core.shell:Skip shell extension 'dsv' for command environment
[3.439s] DEBUG:colcon.colcon_core.event_handler.log_command:Invoking command in '/home/afro-robotics/robot_ws/src/image_acquisition': PYTHONPATH=/home/afro-robotics/robot_ws/build/image_acquisition/prefix_override:/usr/lib/python3/dist-packages/colcon_core/task/python/colcon_distutils_commands:/home/afro-robotics/robot_ws/install/image_acquisition/lib/python3.10/site-packages:${PYTHONPATH} /usr/bin/python3 -W ignore:setup.py install is deprecated -W ignore:easy_install command is deprecated setup.py egg_info --egg-base ../../build/image_acquisition build --build-base /home/afro-robotics/robot_ws/build/image_acquisition/build install --record /home/afro-robotics/robot_ws/build/image_acquisition/install.log --single-version-externally-managed install_data
[4.345s] DEBUG:colcon.colcon_core.event_handler.log_command:Invoked command in '/home/afro-robotics/robot_ws/src/image_acquisition' returned '0': PYTHONPATH=/home/afro-robotics/robot_ws/build/image_acquisition/prefix_override:/usr/lib/python3/dist-packages/colcon_core/task/python/colcon_distutils_commands:/home/afro-robotics/robot_ws/install/image_acquisition/lib/python3.10/site-packages:${PYTHONPATH} /usr/bin/python3 -W ignore:setup.py install is deprecated -W ignore:easy_install command is deprecated setup.py egg_info --egg-base ../../build/image_acquisition build --build-base /home/afro-robotics/robot_ws/build/image_acquisition/build install --record /home/afro-robotics/robot_ws/build/image_acquisition/install.log --single-version-externally-managed install_data
[4.364s] Level 1:colcon.colcon_core.environment:checking '/home/afro-robotics/robot_ws/install/image_acquisition' for CMake module files
[4.366s] Level 1:colcon.colcon_core.environment:checking '/home/afro-robotics/robot_ws/install/image_acquisition' for CMake config files
[4.369s] Level 1:colcon.colcon_core.environment:checking '/home/afro-robotics/robot_ws/install/image_acquisition/lib'
[4.369s] Level 1:colcon.colcon_core.environment:checking '/home/afro-robotics/robot_ws/install/image_acquisition/bin'
[4.370s] Level 1:colcon.colcon_core.environment:checking '/home/afro-robotics/robot_ws/install/image_acquisition/lib/pkgconfig/image_acquisition.pc'
[4.371s] Level 1:colcon.colcon_core.environment:checking '/home/afro-robotics/robot_ws/install/image_acquisition/lib/python3.10/site-packages'
[4.371s] Level 1:colcon.colcon_core.shell:create_environment_hook('image_acquisition', 'pythonpath')
[4.372s] INFO:colcon.colcon_core.shell:Creating environment hook '/home/afro-robotics/robot_ws/install/image_acquisition/share/image_acquisition/hook/pythonpath.ps1'
[4.375s] INFO:colcon.colcon_core.shell:Creating environment descriptor '/home/afro-robotics/robot_ws/install/image_acquisition/share/image_acquisition/hook/pythonpath.dsv'
[4.377s] INFO:colcon.colcon_core.shell:Creating environment hook '/home/afro-robotics/robot_ws/install/image_acquisition/share/image_acquisition/hook/pythonpath.sh'
[4.380s] Level 1:colcon.colcon_core.environment:checking '/home/afro-robotics/robot_ws/install/image_acquisition/bin'
[4.380s] Level 1:colcon.colcon_core.environment:create_environment_scripts_only(image_acquisition)
[4.381s] INFO:colcon.colcon_core.shell:Creating package script '/home/afro-robotics/robot_ws/install/image_acquisition/share/image_acquisition/package.ps1'
[4.386s] INFO:colcon.colcon_core.shell:Creating package descriptor '/home/afro-robotics/robot_ws/install/image_acquisition/share/image_acquisition/package.dsv'
[4.390s] INFO:colcon.colcon_core.shell:Creating package script '/home/afro-robotics/robot_ws/install/image_acquisition/share/image_acquisition/package.sh'
[4.395s] INFO:colcon.colcon_core.shell:Creating package script '/home/afro-robotics/robot_ws/install/image_acquisition/share/image_acquisition/package.bash'
[4.398s] INFO:colcon.colcon_core.shell:Creating package script '/home/afro-robotics/robot_ws/install/image_acquisition/share/image_acquisition/package.zsh'
[4.402s] Level 1:colcon.colcon_core.environment:create_file_with_runtime_dependencies(/home/afro-robotics/robot_ws/install/image_acquisition/share/colcon-core/packages/image_acquisition)
[4.404s] DEBUG:colcon.colcon_parallel_executor.executor.parallel:closing loop
[4.405s] DEBUG:colcon.colcon_parallel_executor.executor.parallel:loop closed
[4.405s] DEBUG:colcon.colcon_parallel_executor.executor.parallel:run_until_complete finished with '0'
[4.406s] DEBUG:colcon.colcon_core.event_reactor:joining thread
[4.441s] INFO:colcon.colcon_core.plugin_system:Skipping extension 'colcon_notification.desktop_notification.terminal_notifier': Not used on non-Darwin systems
[4.442s] INFO:colcon.colcon_core.plugin_system:Skipping extension 'colcon_notification.desktop_notification.win32': Not used on non-Windows systems
[4.442s] INFO:colcon.colcon_notification.desktop_notification:Sending desktop notification using 'notify2'
[4.518s] DEBUG:colcon.colcon_core.event_reactor:joined thread
[4.519s] INFO:colcon.colcon_core.shell:Creating prefix script '/home/afro-robotics/robot_ws/install/local_setup.ps1'
[4.525s] INFO:colcon.colcon_core.shell:Creating prefix util module '/home/afro-robotics/robot_ws/install/_local_setup_util_ps1.py'
[4.533s] INFO:colcon.colcon_core.shell:Creating prefix chain script '/home/afro-robotics/robot_ws/install/setup.ps1'
[4.539s] INFO:colcon.colcon_core.shell:Creating prefix script '/home/afro-robotics/robot_ws/install/local_setup.sh'
[4.546s] INFO:colcon.colcon_core.shell:Creating prefix util module '/home/afro-robotics/robot_ws/install/_local_setup_util_sh.py'
[4.549s] INFO:colcon.colcon_core.shell:Creating prefix chain script '/home/afro-robotics/robot_ws/install/setup.sh'
[4.554s] INFO:colcon.colcon_core.shell:Creating prefix script '/home/afro-robotics/robot_ws/install/local_setup.bash'
[4.558s] INFO:colcon.colcon_core.shell:Creating prefix chain script '/home/afro-robotics/robot_ws/install/setup.bash'
[4.564s] INFO:colcon.colcon_core.shell:Creating prefix script '/home/afro-robotics/robot_ws/install/local_setup.zsh'
[4.568s] INFO:colcon.colcon_core.shell:Creating prefix chain script '/home/afro-robotics/robot_ws/install/setup.zsh'
