[2.514s] Invoking command in '/home/afro-robotics/robot_ws/src/image_acquisition': PYTHONPATH=/home/afro-robotics/robot_ws/build/image_acquisition/prefix_override:/usr/lib/python3/dist-packages/colcon_core/task/python/colcon_distutils_commands:/home/afro-robotics/robot_ws/install/image_acquisition/lib/python3.10/site-packages:${PYTHONPATH} /usr/bin/python3 -W ignore:setup.py install is deprecated -W ignore:easy_install command is deprecated setup.py egg_info --egg-base ../../build/image_acquisition build --build-base /home/afro-robotics/robot_ws/build/image_acquisition/build install --record /home/afro-robotics/robot_ws/build/image_acquisition/install.log --single-version-externally-managed install_data
[3.526s] running egg_info
[3.531s] writing ../../build/image_acquisition/image_acquisition.egg-info/PKG-INFO
[3.532s] writing dependency_links to ../../build/image_acquisition/image_acquisition.egg-info/dependency_links.txt
[3.532s] writing entry points to ../../build/image_acquisition/image_acquisition.egg-info/entry_points.txt
[3.534s] writing requirements to ../../build/image_acquisition/image_acquisition.egg-info/requires.txt
[3.534s] writing top-level names to ../../build/image_acquisition/image_acquisition.egg-info/top_level.txt
[3.541s] reading manifest file '../../build/image_acquisition/image_acquisition.egg-info/SOURCES.txt'
[3.545s] writing manifest file '../../build/image_acquisition/image_acquisition.egg-info/SOURCES.txt'
[3.545s] running build
[3.546s] running build_py
[3.546s] copying image_acquisition/camera_node.py -> /home/afro-robotics/robot_ws/build/image_acquisition/build/lib/image_acquisition
[3.547s] running install
[3.548s] running install_lib
[3.552s] copying /home/afro-robotics/robot_ws/build/image_acquisition/build/lib/image_acquisition/camera_node.py -> /home/afro-robotics/robot_ws/install/image_acquisition/lib/python3.10/site-packages/image_acquisition
[3.555s] byte-compiling /home/afro-robotics/robot_ws/install/image_acquisition/lib/python3.10/site-packages/image_acquisition/camera_node.py to camera_node.cpython-310.pyc
[3.557s] running install_data
[3.558s] copying launch/image_acquisition.launch.py -> /home/afro-robotics/robot_ws/install/image_acquisition/share/image_acquisition/launch
[3.559s] running install_egg_info
[3.566s] removing '/home/afro-robotics/robot_ws/install/image_acquisition/lib/python3.10/site-packages/image_acquisition-0.0.1-py3.10.egg-info' (and everything under it)
[3.567s] Copying ../../build/image_acquisition/image_acquisition.egg-info to /home/afro-robotics/robot_ws/install/image_acquisition/lib/python3.10/site-packages/image_acquisition-0.0.1-py3.10.egg-info
[3.571s] running install_scripts
[3.649s] Installing camera_node script to /home/afro-robotics/robot_ws/install/image_acquisition/lib/image_acquisition
[3.653s] Installing yolo_detection_node script to /home/afro-robotics/robot_ws/install/image_acquisition/lib/image_acquisition
[3.654s] writing list of installed files to '/home/afro-robotics/robot_ws/build/image_acquisition/install.log'
[3.757s] Invoked command in '/home/afro-robotics/robot_ws/src/image_acquisition' returned '0': PYTHONPATH=/home/afro-robotics/robot_ws/build/image_acquisition/prefix_override:/usr/lib/python3/dist-packages/colcon_core/task/python/colcon_distutils_commands:/home/afro-robotics/robot_ws/install/image_acquisition/lib/python3.10/site-packages:${PYTHONPATH} /usr/bin/python3 -W ignore:setup.py install is deprecated -W ignore:easy_install command is deprecated setup.py egg_info --egg-base ../../build/image_acquisition build --build-base /home/afro-robotics/robot_ws/build/image_acquisition/build install --record /home/afro-robotics/robot_ws/build/image_acquisition/install.log --single-version-externally-managed install_data
