[3.630s] Invoking command in '/home/afro-robotics/robot_ws/src/navigation': PYTHONPATH=/home/afro-robotics/robot_ws/build/navigation/prefix_override:/usr/lib/python3/dist-packages/colcon_core/task/python/colcon_distutils_commands:/home/afro-robotics/robot_ws/install/navigation/lib/python3.10/site-packages:${PYTHONPATH} /usr/bin/python3 -W ignore:setup.py install is deprecated -W ignore:easy_install command is deprecated setup.py egg_info --egg-base ../../build/navigation build --build-base /home/afro-robotics/robot_ws/build/navigation/build install --record /home/afro-robotics/robot_ws/build/navigation/install.log --single-version-externally-managed install_data
[4.650s] running egg_info
[4.653s] writing ../../build/navigation/navigation.egg-info/PKG-INFO
[4.654s] writing dependency_links to ../../build/navigation/navigation.egg-info/dependency_links.txt
[4.654s] writing entry points to ../../build/navigation/navigation.egg-info/entry_points.txt
[4.655s] writing requirements to ../../build/navigation/navigation.egg-info/requires.txt
[4.656s] writing top-level names to ../../build/navigation/navigation.egg-info/top_level.txt
[4.664s] reading manifest file '../../build/navigation/navigation.egg-info/SOURCES.txt'
[4.668s] writing manifest file '../../build/navigation/navigation.egg-info/SOURCES.txt'
[4.668s] running build
[4.669s] running build_py
[4.669s] copying navigation/navigation_node.py -> /home/afro-robotics/robot_ws/build/navigation/build/lib/navigation
[4.671s] running install
[4.672s] running install_lib
[4.675s] copying /home/afro-robotics/robot_ws/build/navigation/build/lib/navigation/navigation_node.py -> /home/afro-robotics/robot_ws/install/navigation/lib/python3.10/site-packages/navigation
[4.678s] byte-compiling /home/afro-robotics/robot_ws/install/navigation/lib/python3.10/site-packages/navigation/navigation_node.py to navigation_node.cpython-310.pyc
[4.686s] running install_data
[4.686s] running install_egg_info
[4.700s] removing '/home/afro-robotics/robot_ws/install/navigation/lib/python3.10/site-packages/navigation-0.0.0-py3.10.egg-info' (and everything under it)
[4.701s] Copying ../../build/navigation/navigation.egg-info to /home/afro-robotics/robot_ws/install/navigation/lib/python3.10/site-packages/navigation-0.0.0-py3.10.egg-info
[4.705s] running install_scripts
[4.782s] Installing motor_node script to /home/afro-robotics/robot_ws/install/navigation/lib/navigation
[4.782s] Installing navigation_node script to /home/afro-robotics/robot_ws/install/navigation/lib/navigation
[4.809s] writing list of installed files to '/home/afro-robotics/robot_ws/build/navigation/install.log'
[4.937s] Invoked command in '/home/afro-robotics/robot_ws/src/navigation' returned '0': PYTHONPATH=/home/afro-robotics/robot_ws/build/navigation/prefix_override:/usr/lib/python3/dist-packages/colcon_core/task/python/colcon_distutils_commands:/home/afro-robotics/robot_ws/install/navigation/lib/python3.10/site-packages:${PYTHONPATH} /usr/bin/python3 -W ignore:setup.py install is deprecated -W ignore:easy_install command is deprecated setup.py egg_info --egg-base ../../build/navigation build --build-base /home/afro-robotics/robot_ws/build/navigation/build install --record /home/afro-robotics/robot_ws/build/navigation/install.log --single-version-externally-managed install_data
