[0.518s] DEBUG:colcon:Command line arguments: ['/usr/bin/colcon', 'build', '--packages-select', 'navigation']
[0.518s] DEBUG:colcon:Parsed command line arguments: Namespace(log_base=None, log_level=None, verb_name='build', build_base='build', install_base='install', merge_install=False, symlink_install=False, test_result_base=None, continue_on_error=False, executor='parallel', parallel_workers=6, event_handlers=None, ignore_user_meta=False, metas=['./colcon.meta'], base_paths=['.'], packages_ignore=None, packages_ignore_regex=None, paths=None, packages_up_to=None, packages_up_to_regex=None, packages_above=None, packages_above_and_dependencies=None, packages_above_depth=None, packages_select_by_dep=None, packages_skip_by_dep=None, packages_skip_up_to=None, packages_select_build_failed=False, packages_skip_build_finished=False, packages_select_test_failures=False, packages_skip_test_passed=False, packages_select=['navigation'], packages_skip=None, packages_select_regex=None, packages_skip_regex=None, packages_start=None, packages_end=None, allow_overriding=[], cmake_args=None, cmake_target=None, cmake_target_skip_unavailable=False, cmake_clean_cache=False, cmake_clean_first=False, cmake_force_configure=False, ament_cmake_args=None, catkin_cmake_args=None, catkin_skip_building_tests=False, verb_parser=<colcon_defaults.argument_parser.defaults.DefaultArgumentsDecorator object at 0xffffa6bb95d0>, verb_extension=<colcon_core.verb.build.BuildVerb object at 0xffffa6bb9090>, main=<bound method BuildVerb.main of <colcon_core.verb.build.BuildVerb object at 0xffffa6bb9090>>)
[1.379s] Level 1:colcon.colcon_core.package_discovery:discover_packages(colcon_meta) check parameters
[1.380s] Level 1:colcon.colcon_core.package_discovery:discover_packages(recursive) check parameters
[1.380s] Level 1:colcon.colcon_core.package_discovery:discover_packages(ignore) check parameters
[1.380s] Level 1:colcon.colcon_core.package_discovery:discover_packages(path) check parameters
[1.381s] Level 1:colcon.colcon_core.package_discovery:discover_packages(colcon_meta) discover
[1.381s] Level 1:colcon.colcon_core.package_discovery:discover_packages(recursive) discover
[1.381s] INFO:colcon.colcon_core.package_discovery:Crawling recursively for packages in '/home/afro-robotics/robot_ws'
[1.382s] Level 1:colcon.colcon_core.package_identification:_identify(.) by extensions ['ignore', 'ignore_ament_install']
[1.382s] Level 1:colcon.colcon_core.package_identification:_identify(.) by extension 'ignore'
[1.382s] Level 1:colcon.colcon_core.package_identification:_identify(.) by extension 'ignore_ament_install'
[1.383s] Level 1:colcon.colcon_core.package_identification:_identify(.) by extensions ['colcon_pkg']
[1.383s] Level 1:colcon.colcon_core.package_identification:_identify(.) by extension 'colcon_pkg'
[1.383s] Level 1:colcon.colcon_core.package_identification:_identify(.) by extensions ['colcon_meta']
[1.383s] Level 1:colcon.colcon_core.package_identification:_identify(.) by extension 'colcon_meta'
[1.384s] Level 1:colcon.colcon_core.package_identification:_identify(.) by extensions ['ros']
[1.384s] Level 1:colcon.colcon_core.package_identification:_identify(.) by extension 'ros'
[1.434s] Level 1:colcon.colcon_core.package_identification:_identify(.) by extensions ['cmake', 'python']
[1.435s] Level 1:colcon.colcon_core.package_identification:_identify(.) by extension 'cmake'
[1.435s] Level 1:colcon.colcon_core.package_identification:_identify(.) by extension 'python'
[1.435s] Level 1:colcon.colcon_core.package_identification:_identify(.) by extensions ['python_setup_py']
[1.435s] Level 1:colcon.colcon_core.package_identification:_identify(.) by extension 'python_setup_py'
[1.436s] Level 1:colcon.colcon_core.package_identification:_identify(build) by extensions ['ignore', 'ignore_ament_install']
[1.436s] Level 1:colcon.colcon_core.package_identification:_identify(build) by extension 'ignore'
[1.437s] Level 1:colcon.colcon_core.package_identification:_identify(build) ignored
[1.437s] Level 1:colcon.colcon_core.package_identification:_identify(install) by extensions ['ignore', 'ignore_ament_install']
[1.438s] Level 1:colcon.colcon_core.package_identification:_identify(install) by extension 'ignore'
[1.438s] Level 1:colcon.colcon_core.package_identification:_identify(install) ignored
[1.438s] Level 1:colcon.colcon_core.package_identification:_identify(log) by extensions ['ignore', 'ignore_ament_install']
[1.439s] Level 1:colcon.colcon_core.package_identification:_identify(log) by extension 'ignore'
[1.439s] Level 1:colcon.colcon_core.package_identification:_identify(log) ignored
[1.439s] Level 1:colcon.colcon_core.package_identification:_identify(models) by extensions ['ignore', 'ignore_ament_install']
[1.440s] Level 1:colcon.colcon_core.package_identification:_identify(models) by extension 'ignore'
[1.440s] Level 1:colcon.colcon_core.package_identification:_identify(models) by extension 'ignore_ament_install'
[1.440s] Level 1:colcon.colcon_core.package_identification:_identify(models) by extensions ['colcon_pkg']
[1.440s] Level 1:colcon.colcon_core.package_identification:_identify(models) by extension 'colcon_pkg'
[1.440s] Level 1:colcon.colcon_core.package_identification:_identify(models) by extensions ['colcon_meta']
[1.441s] Level 1:colcon.colcon_core.package_identification:_identify(models) by extension 'colcon_meta'
[1.441s] Level 1:colcon.colcon_core.package_identification:_identify(models) by extensions ['ros']
[1.442s] Level 1:colcon.colcon_core.package_identification:_identify(models) by extension 'ros'
[1.443s] Level 1:colcon.colcon_core.package_identification:_identify(models) by extensions ['cmake', 'python']
[1.443s] Level 1:colcon.colcon_core.package_identification:_identify(models) by extension 'cmake'
[1.443s] Level 1:colcon.colcon_core.package_identification:_identify(models) by extension 'python'
[1.443s] Level 1:colcon.colcon_core.package_identification:_identify(models) by extensions ['python_setup_py']
[1.444s] Level 1:colcon.colcon_core.package_identification:_identify(models) by extension 'python_setup_py'
[1.444s] Level 1:colcon.colcon_core.package_identification:_identify(src) by extensions ['ignore', 'ignore_ament_install']
[1.445s] Level 1:colcon.colcon_core.package_identification:_identify(src) by extension 'ignore'
[1.445s] Level 1:colcon.colcon_core.package_identification:_identify(src) by extension 'ignore_ament_install'
[1.445s] Level 1:colcon.colcon_core.package_identification:_identify(src) by extensions ['colcon_pkg']
[1.445s] Level 1:colcon.colcon_core.package_identification:_identify(src) by extension 'colcon_pkg'
[1.446s] Level 1:colcon.colcon_core.package_identification:_identify(src) by extensions ['colcon_meta']
[1.446s] Level 1:colcon.colcon_core.package_identification:_identify(src) by extension 'colcon_meta'
[1.446s] Level 1:colcon.colcon_core.package_identification:_identify(src) by extensions ['ros']
[1.446s] Level 1:colcon.colcon_core.package_identification:_identify(src) by extension 'ros'
[1.447s] Level 1:colcon.colcon_core.package_identification:_identify(src) by extensions ['cmake', 'python']
[1.447s] Level 1:colcon.colcon_core.package_identification:_identify(src) by extension 'cmake'
[1.447s] Level 1:colcon.colcon_core.package_identification:_identify(src) by extension 'python'
[1.448s] Level 1:colcon.colcon_core.package_identification:_identify(src) by extensions ['python_setup_py']
[1.448s] Level 1:colcon.colcon_core.package_identification:_identify(src) by extension 'python_setup_py'
[1.448s] Level 1:colcon.colcon_core.package_identification:_identify(src/image_acquisition) by extensions ['ignore', 'ignore_ament_install']
[1.449s] Level 1:colcon.colcon_core.package_identification:_identify(src/image_acquisition) by extension 'ignore'
[1.449s] Level 1:colcon.colcon_core.package_identification:_identify(src/image_acquisition) by extension 'ignore_ament_install'
[1.450s] Level 1:colcon.colcon_core.package_identification:_identify(src/image_acquisition) by extensions ['colcon_pkg']
[1.450s] Level 1:colcon.colcon_core.package_identification:_identify(src/image_acquisition) by extension 'colcon_pkg'
[1.450s] Level 1:colcon.colcon_core.package_identification:_identify(src/image_acquisition) by extensions ['colcon_meta']
[1.450s] Level 1:colcon.colcon_core.package_identification:_identify(src/image_acquisition) by extension 'colcon_meta'
[1.450s] Level 1:colcon.colcon_core.package_identification:_identify(src/image_acquisition) by extensions ['ros']
[1.451s] Level 1:colcon.colcon_core.package_identification:_identify(src/image_acquisition) by extension 'ros'
[1.463s] DEBUG:colcon.colcon_core.package_identification:Package 'src/image_acquisition' with type 'ros.ament_python' and name 'image_acquisition'
[1.464s] Level 1:colcon.colcon_core.package_identification:_identify(src/navigation) by extensions ['ignore', 'ignore_ament_install']
[1.464s] Level 1:colcon.colcon_core.package_identification:_identify(src/navigation) by extension 'ignore'
[1.464s] Level 1:colcon.colcon_core.package_identification:_identify(src/navigation) by extension 'ignore_ament_install'
[1.465s] Level 1:colcon.colcon_core.package_identification:_identify(src/navigation) by extensions ['colcon_pkg']
[1.465s] Level 1:colcon.colcon_core.package_identification:_identify(src/navigation) by extension 'colcon_pkg'
[1.465s] Level 1:colcon.colcon_core.package_identification:_identify(src/navigation) by extensions ['colcon_meta']
[1.465s] Level 1:colcon.colcon_core.package_identification:_identify(src/navigation) by extension 'colcon_meta'
[1.466s] Level 1:colcon.colcon_core.package_identification:_identify(src/navigation) by extensions ['ros']
[1.466s] Level 1:colcon.colcon_core.package_identification:_identify(src/navigation) by extension 'ros'
[1.469s] DEBUG:colcon.colcon_core.package_identification:Package 'src/navigation' with type 'ros.ament_python' and name 'navigation'
[1.469s] Level 1:colcon.colcon_core.package_identification:_identify(src/orchestration) by extensions ['ignore', 'ignore_ament_install']
[1.470s] Level 1:colcon.colcon_core.package_identification:_identify(src/orchestration) by extension 'ignore'
[1.470s] Level 1:colcon.colcon_core.package_identification:_identify(src/orchestration) by extension 'ignore_ament_install'
[1.471s] Level 1:colcon.colcon_core.package_identification:_identify(src/orchestration) by extensions ['colcon_pkg']
[1.471s] Level 1:colcon.colcon_core.package_identification:_identify(src/orchestration) by extension 'colcon_pkg'
[1.471s] Level 1:colcon.colcon_core.package_identification:_identify(src/orchestration) by extensions ['colcon_meta']
[1.471s] Level 1:colcon.colcon_core.package_identification:_identify(src/orchestration) by extension 'colcon_meta'
[1.471s] Level 1:colcon.colcon_core.package_identification:_identify(src/orchestration) by extensions ['ros']
[1.471s] Level 1:colcon.colcon_core.package_identification:_identify(src/orchestration) by extension 'ros'
[1.473s] DEBUG:colcon.colcon_core.package_identification:Package 'src/orchestration' with type 'ros.ament_python' and name 'orchestration'
[1.474s] Level 1:colcon.colcon_core.package_discovery:discover_packages(recursive) using defaults
[1.474s] Level 1:colcon.colcon_core.package_discovery:discover_packages(ignore) discover
[1.474s] Level 1:colcon.colcon_core.package_discovery:discover_packages(ignore) using defaults
[1.474s] Level 1:colcon.colcon_core.package_discovery:discover_packages(path) discover
[1.474s] Level 1:colcon.colcon_core.package_discovery:discover_packages(path) using defaults
[1.604s] INFO:colcon.colcon_core.package_selection:Skipping not selected package 'image_acquisition' in 'src/image_acquisition'
[1.604s] INFO:colcon.colcon_core.package_selection:Skipping not selected package 'orchestration' in 'src/orchestration'
[1.606s] Level 1:colcon.colcon_core.package_discovery:discover_packages(prefix_path) check parameters
[1.606s] Level 1:colcon.colcon_core.package_discovery:discover_packages(prefix_path) discover
[1.614s] DEBUG:colcon.colcon_installed_package_information.package_discovery:Found 3 installed packages in /home/afro-robotics/robot_ws/install
[1.620s] DEBUG:colcon.colcon_installed_package_information.package_discovery:Found 280 installed packages in /opt/ros/humble
[1.628s] Level 1:colcon.colcon_core.package_discovery:discover_packages(prefix_path) using defaults
[1.794s] Level 5:colcon.colcon_core.verb:set package 'navigation' build argument 'cmake_args' from command line to 'None'
[1.794s] Level 5:colcon.colcon_core.verb:set package 'navigation' build argument 'cmake_target' from command line to 'None'
[1.794s] Level 5:colcon.colcon_core.verb:set package 'navigation' build argument 'cmake_target_skip_unavailable' from command line to 'False'
[1.795s] Level 5:colcon.colcon_core.verb:set package 'navigation' build argument 'cmake_clean_cache' from command line to 'False'
[1.795s] Level 5:colcon.colcon_core.verb:set package 'navigation' build argument 'cmake_clean_first' from command line to 'False'
[1.795s] Level 5:colcon.colcon_core.verb:set package 'navigation' build argument 'cmake_force_configure' from command line to 'False'
[1.795s] Level 5:colcon.colcon_core.verb:set package 'navigation' build argument 'ament_cmake_args' from command line to 'None'
[1.795s] Level 5:colcon.colcon_core.verb:set package 'navigation' build argument 'catkin_cmake_args' from command line to 'None'
[1.795s] Level 5:colcon.colcon_core.verb:set package 'navigation' build argument 'catkin_skip_building_tests' from command line to 'False'
[1.795s] DEBUG:colcon.colcon_core.verb:Building package 'navigation' with the following arguments: {'ament_cmake_args': None, 'build_base': '/home/afro-robotics/robot_ws/build/navigation', 'catkin_cmake_args': None, 'catkin_skip_building_tests': False, 'cmake_args': None, 'cmake_clean_cache': False, 'cmake_clean_first': False, 'cmake_force_configure': False, 'cmake_target': None, 'cmake_target_skip_unavailable': False, 'install_base': '/home/afro-robotics/robot_ws/install/navigation', 'merge_install': False, 'path': '/home/afro-robotics/robot_ws/src/navigation', 'symlink_install': False, 'test_result_base': None}
[1.796s] INFO:colcon.colcon_core.executor:Executing jobs using 'parallel' executor
[1.799s] DEBUG:colcon.colcon_parallel_executor.executor.parallel:run_until_complete
[1.800s] INFO:colcon.colcon_ros.task.ament_python.build:Building ROS package in '/home/afro-robotics/robot_ws/src/navigation' with build type 'ament_python'
[1.801s] Level 1:colcon.colcon_core.shell:create_environment_hook('navigation', 'ament_prefix_path')
[1.809s] INFO:colcon.colcon_core.plugin_system:Skipping extension 'colcon_core.shell.bat': Not used on non-Windows systems
[1.810s] INFO:colcon.colcon_core.shell:Creating environment hook '/home/afro-robotics/robot_ws/install/navigation/share/navigation/hook/ament_prefix_path.ps1'
[1.813s] INFO:colcon.colcon_core.shell:Creating environment descriptor '/home/afro-robotics/robot_ws/install/navigation/share/navigation/hook/ament_prefix_path.dsv'
[1.815s] INFO:colcon.colcon_core.shell:Creating environment hook '/home/afro-robotics/robot_ws/install/navigation/share/navigation/hook/ament_prefix_path.sh'
[1.818s] INFO:colcon.colcon_core.shell:Skip shell extension 'powershell' for command environment: Not usable outside of PowerShell
[1.818s] DEBUG:colcon.colcon_core.shell:Skip shell extension 'dsv' for command environment
[2.909s] INFO:colcon.colcon_core.task.python.build:Building Python package in '/home/afro-robotics/robot_ws/src/navigation'
[2.912s] INFO:colcon.colcon_core.shell:Skip shell extension 'powershell' for command environment: Not usable outside of PowerShell
[2.912s] DEBUG:colcon.colcon_core.shell:Skip shell extension 'dsv' for command environment
[4.412s] DEBUG:colcon.colcon_core.event_handler.log_command:Invoking command in '/home/afro-robotics/robot_ws/src/navigation': PYTHONPATH=/home/afro-robotics/robot_ws/build/navigation/prefix_override:/usr/lib/python3/dist-packages/colcon_core/task/python/colcon_distutils_commands:/home/afro-robotics/robot_ws/install/navigation/lib/python3.10/site-packages:${PYTHONPATH} /usr/bin/python3 -W ignore:setup.py install is deprecated -W ignore:easy_install command is deprecated setup.py egg_info --egg-base ../../build/navigation build --build-base /home/afro-robotics/robot_ws/build/navigation/build install --record /home/afro-robotics/robot_ws/build/navigation/install.log --single-version-externally-managed install_data
[5.665s] DEBUG:colcon.colcon_core.event_handler.log_command:Invoked command in '/home/afro-robotics/robot_ws/src/navigation' returned '0': PYTHONPATH=/home/afro-robotics/robot_ws/build/navigation/prefix_override:/usr/lib/python3/dist-packages/colcon_core/task/python/colcon_distutils_commands:/home/afro-robotics/robot_ws/install/navigation/lib/python3.10/site-packages:${PYTHONPATH} /usr/bin/python3 -W ignore:setup.py install is deprecated -W ignore:easy_install command is deprecated setup.py egg_info --egg-base ../../build/navigation build --build-base /home/afro-robotics/robot_ws/build/navigation/build install --record /home/afro-robotics/robot_ws/build/navigation/install.log --single-version-externally-managed install_data
[5.684s] Level 1:colcon.colcon_core.environment:checking '/home/afro-robotics/robot_ws/install/navigation' for CMake module files
[5.686s] Level 1:colcon.colcon_core.environment:checking '/home/afro-robotics/robot_ws/install/navigation' for CMake config files
[5.689s] Level 1:colcon.colcon_core.environment:checking '/home/afro-robotics/robot_ws/install/navigation/lib'
[5.690s] Level 1:colcon.colcon_core.environment:checking '/home/afro-robotics/robot_ws/install/navigation/bin'
[5.690s] Level 1:colcon.colcon_core.environment:checking '/home/afro-robotics/robot_ws/install/navigation/lib/pkgconfig/navigation.pc'
[5.692s] Level 1:colcon.colcon_core.environment:checking '/home/afro-robotics/robot_ws/install/navigation/lib/python3.10/site-packages'
[5.692s] Level 1:colcon.colcon_core.shell:create_environment_hook('navigation', 'pythonpath')
[5.693s] INFO:colcon.colcon_core.shell:Creating environment hook '/home/afro-robotics/robot_ws/install/navigation/share/navigation/hook/pythonpath.ps1'
[5.696s] INFO:colcon.colcon_core.shell:Creating environment descriptor '/home/afro-robotics/robot_ws/install/navigation/share/navigation/hook/pythonpath.dsv'
[5.698s] INFO:colcon.colcon_core.shell:Creating environment hook '/home/afro-robotics/robot_ws/install/navigation/share/navigation/hook/pythonpath.sh'
[5.703s] Level 1:colcon.colcon_core.environment:checking '/home/afro-robotics/robot_ws/install/navigation/bin'
[5.703s] Level 1:colcon.colcon_core.environment:create_environment_scripts_only(navigation)
[5.705s] INFO:colcon.colcon_core.shell:Creating package script '/home/afro-robotics/robot_ws/install/navigation/share/navigation/package.ps1'
[5.710s] INFO:colcon.colcon_core.shell:Creating package descriptor '/home/afro-robotics/robot_ws/install/navigation/share/navigation/package.dsv'
[5.712s] INFO:colcon.colcon_core.shell:Creating package script '/home/afro-robotics/robot_ws/install/navigation/share/navigation/package.sh'
[5.716s] INFO:colcon.colcon_core.shell:Creating package script '/home/afro-robotics/robot_ws/install/navigation/share/navigation/package.bash'
[5.719s] INFO:colcon.colcon_core.shell:Creating package script '/home/afro-robotics/robot_ws/install/navigation/share/navigation/package.zsh'
[5.721s] Level 1:colcon.colcon_core.environment:create_file_with_runtime_dependencies(/home/afro-robotics/robot_ws/install/navigation/share/colcon-core/packages/navigation)
[5.723s] DEBUG:colcon.colcon_parallel_executor.executor.parallel:closing loop
[5.724s] DEBUG:colcon.colcon_parallel_executor.executor.parallel:loop closed
[5.724s] DEBUG:colcon.colcon_parallel_executor.executor.parallel:run_until_complete finished with '0'
[5.725s] DEBUG:colcon.colcon_core.event_reactor:joining thread
[5.751s] INFO:colcon.colcon_core.plugin_system:Skipping extension 'colcon_notification.desktop_notification.terminal_notifier': Not used on non-Darwin systems
[5.752s] INFO:colcon.colcon_core.plugin_system:Skipping extension 'colcon_notification.desktop_notification.win32': Not used on non-Windows systems
[5.752s] INFO:colcon.colcon_notification.desktop_notification:Sending desktop notification using 'notify2'
[5.814s] DEBUG:colcon.colcon_core.event_reactor:joined thread
[5.816s] INFO:colcon.colcon_core.shell:Creating prefix script '/home/afro-robotics/robot_ws/install/local_setup.ps1'
[5.822s] INFO:colcon.colcon_core.shell:Creating prefix util module '/home/afro-robotics/robot_ws/install/_local_setup_util_ps1.py'
[5.830s] INFO:colcon.colcon_core.shell:Creating prefix chain script '/home/afro-robotics/robot_ws/install/setup.ps1'
[5.837s] INFO:colcon.colcon_core.shell:Creating prefix script '/home/afro-robotics/robot_ws/install/local_setup.sh'
[5.840s] INFO:colcon.colcon_core.shell:Creating prefix util module '/home/afro-robotics/robot_ws/install/_local_setup_util_sh.py'
[5.843s] INFO:colcon.colcon_core.shell:Creating prefix chain script '/home/afro-robotics/robot_ws/install/setup.sh'
[5.849s] INFO:colcon.colcon_core.shell:Creating prefix script '/home/afro-robotics/robot_ws/install/local_setup.bash'
[5.852s] INFO:colcon.colcon_core.shell:Creating prefix chain script '/home/afro-robotics/robot_ws/install/setup.bash'
[5.859s] INFO:colcon.colcon_core.shell:Creating prefix script '/home/afro-robotics/robot_ws/install/local_setup.zsh'
[5.861s] INFO:colcon.colcon_core.shell:Creating prefix chain script '/home/afro-robotics/robot_ws/install/setup.zsh'
