running egg_info
writing ../../build/image_acquisition/image_acquisition.egg-info/PKG-INFO
writing dependency_links to ../../build/image_acquisition/image_acquisition.egg-info/dependency_links.txt
writing entry points to ../../build/image_acquisition/image_acquisition.egg-info/entry_points.txt
writing requirements to ../../build/image_acquisition/image_acquisition.egg-info/requires.txt
writing top-level names to ../../build/image_acquisition/image_acquisition.egg-info/top_level.txt
reading manifest file '../../build/image_acquisition/image_acquisition.egg-info/SOURCES.txt'
writing manifest file '../../build/image_acquisition/image_acquisition.egg-info/SOURCES.txt'
running build
running build_py
copying image_acquisition/camera_node.py -> /home/afro-robotics/robot_ws/build/image_acquisition/build/lib/image_acquisition
running install
running install_lib
copying /home/afro-robotics/robot_ws/build/image_acquisition/build/lib/image_acquisition/camera_node.py -> /home/afro-robotics/robot_ws/install/image_acquisition/lib/python3.10/site-packages/image_acquisition
byte-compiling /home/afro-robotics/robot_ws/install/image_acquisition/lib/python3.10/site-packages/image_acquisition/camera_node.py to camera_node.cpython-310.pyc
running install_data
copying launch/image_acquisition.launch.py -> /home/afro-robotics/robot_ws/install/image_acquisition/share/image_acquisition/launch
running install_egg_info
removing '/home/afro-robotics/robot_ws/install/image_acquisition/lib/python3.10/site-packages/image_acquisition-0.0.1-py3.10.egg-info' (and everything under it)
Copying ../../build/image_acquisition/image_acquisition.egg-info to /home/afro-robotics/robot_ws/install/image_acquisition/lib/python3.10/site-packages/image_acquisition-0.0.1-py3.10.egg-info
running install_scripts
Installing camera_node script to /home/afro-robotics/robot_ws/install/image_acquisition/lib/image_acquisition
Installing yolo_detection_node script to /home/afro-robotics/robot_ws/install/image_acquisition/lib/image_acquisition
writing list of installed files to '/home/afro-robotics/robot_ws/build/image_acquisition/install.log'
