[1.438s] DEBUG:colcon:Command line arguments: ['/usr/bin/colcon', 'build', '--packages-select', 'navigation']
[1.439s] DEBUG:colcon:Parsed command line arguments: Namespace(log_base=None, log_level=None, verb_name='build', build_base='build', install_base='install', merge_install=False, symlink_install=False, test_result_base=None, continue_on_error=False, executor='parallel', parallel_workers=6, event_handlers=None, ignore_user_meta=False, metas=['./colcon.meta'], base_paths=['.'], packages_ignore=None, packages_ignore_regex=None, paths=None, packages_up_to=None, packages_up_to_regex=None, packages_above=None, packages_above_and_dependencies=None, packages_above_depth=None, packages_select_by_dep=None, packages_skip_by_dep=None, packages_skip_up_to=None, packages_select_build_failed=False, packages_skip_build_finished=False, packages_select_test_failures=False, packages_skip_test_passed=False, packages_select=['navigation'], packages_skip=None, packages_select_regex=None, packages_skip_regex=None, packages_start=None, packages_end=None, allow_overriding=[], cmake_args=None, cmake_target=None, cmake_target_skip_unavailable=False, cmake_clean_cache=False, cmake_clean_first=False, cmake_force_configure=False, ament_cmake_args=None, catkin_cmake_args=None, catkin_skip_building_tests=False, verb_parser=<colcon_defaults.argument_parser.defaults.DefaultArgumentsDecorator object at 0xffffad0b9510>, verb_extension=<colcon_core.verb.build.BuildVerb object at 0xffffad0b8fd0>, main=<bound method BuildVerb.main of <colcon_core.verb.build.BuildVerb object at 0xffffad0b8fd0>>)
[2.776s] Level 1:colcon.colcon_core.package_discovery:discover_packages(colcon_meta) check parameters
[2.777s] Level 1:colcon.colcon_core.package_discovery:discover_packages(recursive) check parameters
[2.777s] Level 1:colcon.colcon_core.package_discovery:discover_packages(ignore) check parameters
[2.777s] Level 1:colcon.colcon_core.package_discovery:discover_packages(path) check parameters
[2.777s] Level 1:colcon.colcon_core.package_discovery:discover_packages(colcon_meta) discover
[2.777s] Level 1:colcon.colcon_core.package_discovery:discover_packages(recursive) discover
[2.778s] INFO:colcon.colcon_core.package_discovery:Crawling recursively for packages in '/home/afro-robotics/robot_ws'
[2.778s] Level 1:colcon.colcon_core.package_identification:_identify(.) by extensions ['ignore', 'ignore_ament_install']
[2.778s] Level 1:colcon.colcon_core.package_identification:_identify(.) by extension 'ignore'
[2.779s] Level 1:colcon.colcon_core.package_identification:_identify(.) by extension 'ignore_ament_install'
[2.779s] Level 1:colcon.colcon_core.package_identification:_identify(.) by extensions ['colcon_pkg']
[2.779s] Level 1:colcon.colcon_core.package_identification:_identify(.) by extension 'colcon_pkg'
[2.779s] Level 1:colcon.colcon_core.package_identification:_identify(.) by extensions ['colcon_meta']
[2.780s] Level 1:colcon.colcon_core.package_identification:_identify(.) by extension 'colcon_meta'
[2.780s] Level 1:colcon.colcon_core.package_identification:_identify(.) by extensions ['ros']
[2.780s] Level 1:colcon.colcon_core.package_identification:_identify(.) by extension 'ros'
[2.833s] Level 1:colcon.colcon_core.package_identification:_identify(.) by extensions ['cmake', 'python']
[2.834s] Level 1:colcon.colcon_core.package_identification:_identify(.) by extension 'cmake'
[2.834s] Level 1:colcon.colcon_core.package_identification:_identify(.) by extension 'python'
[2.834s] Level 1:colcon.colcon_core.package_identification:_identify(.) by extensions ['python_setup_py']
[2.834s] Level 1:colcon.colcon_core.package_identification:_identify(.) by extension 'python_setup_py'
[2.835s] Level 1:colcon.colcon_core.package_identification:_identify(build) by extensions ['ignore', 'ignore_ament_install']
[2.835s] Level 1:colcon.colcon_core.package_identification:_identify(build) by extension 'ignore'
[2.836s] Level 1:colcon.colcon_core.package_identification:_identify(build) ignored
[2.836s] Level 1:colcon.colcon_core.package_identification:_identify(install) by extensions ['ignore', 'ignore_ament_install']
[2.837s] Level 1:colcon.colcon_core.package_identification:_identify(install) by extension 'ignore'
[2.837s] Level 1:colcon.colcon_core.package_identification:_identify(install) ignored
[2.837s] Level 1:colcon.colcon_core.package_identification:_identify(log) by extensions ['ignore', 'ignore_ament_install']
[2.838s] Level 1:colcon.colcon_core.package_identification:_identify(log) by extension 'ignore'
[2.838s] Level 1:colcon.colcon_core.package_identification:_identify(log) ignored
[2.838s] Level 1:colcon.colcon_core.package_identification:_identify(models) by extensions ['ignore', 'ignore_ament_install']
[2.838s] Level 1:colcon.colcon_core.package_identification:_identify(models) by extension 'ignore'
[2.839s] Level 1:colcon.colcon_core.package_identification:_identify(models) by extension 'ignore_ament_install'
[2.839s] Level 1:colcon.colcon_core.package_identification:_identify(models) by extensions ['colcon_pkg']
[2.839s] Level 1:colcon.colcon_core.package_identification:_identify(models) by extension 'colcon_pkg'
[2.839s] Level 1:colcon.colcon_core.package_identification:_identify(models) by extensions ['colcon_meta']
[2.839s] Level 1:colcon.colcon_core.package_identification:_identify(models) by extension 'colcon_meta'
[2.840s] Level 1:colcon.colcon_core.package_identification:_identify(models) by extensions ['ros']
[2.840s] Level 1:colcon.colcon_core.package_identification:_identify(models) by extension 'ros'
[2.840s] Level 1:colcon.colcon_core.package_identification:_identify(models) by extensions ['cmake', 'python']
[2.840s] Level 1:colcon.colcon_core.package_identification:_identify(models) by extension 'cmake'
[2.840s] Level 1:colcon.colcon_core.package_identification:_identify(models) by extension 'python'
[2.841s] Level 1:colcon.colcon_core.package_identification:_identify(models) by extensions ['python_setup_py']
[2.841s] Level 1:colcon.colcon_core.package_identification:_identify(models) by extension 'python_setup_py'
[2.841s] Level 1:colcon.colcon_core.package_identification:_identify(src) by extensions ['ignore', 'ignore_ament_install']
[2.841s] Level 1:colcon.colcon_core.package_identification:_identify(src) by extension 'ignore'
[2.842s] Level 1:colcon.colcon_core.package_identification:_identify(src) by extension 'ignore_ament_install'
[2.842s] Level 1:colcon.colcon_core.package_identification:_identify(src) by extensions ['colcon_pkg']
[2.842s] Level 1:colcon.colcon_core.package_identification:_identify(src) by extension 'colcon_pkg'
[2.842s] Level 1:colcon.colcon_core.package_identification:_identify(src) by extensions ['colcon_meta']
[2.842s] Level 1:colcon.colcon_core.package_identification:_identify(src) by extension 'colcon_meta'
[2.843s] Level 1:colcon.colcon_core.package_identification:_identify(src) by extensions ['ros']
[2.843s] Level 1:colcon.colcon_core.package_identification:_identify(src) by extension 'ros'
[2.843s] Level 1:colcon.colcon_core.package_identification:_identify(src) by extensions ['cmake', 'python']
[2.843s] Level 1:colcon.colcon_core.package_identification:_identify(src) by extension 'cmake'
[2.843s] Level 1:colcon.colcon_core.package_identification:_identify(src) by extension 'python'
[2.844s] Level 1:colcon.colcon_core.package_identification:_identify(src) by extensions ['python_setup_py']
[2.844s] Level 1:colcon.colcon_core.package_identification:_identify(src) by extension 'python_setup_py'
[2.844s] Level 1:colcon.colcon_core.package_identification:_identify(src/image_acquisition) by extensions ['ignore', 'ignore_ament_install']
[2.844s] Level 1:colcon.colcon_core.package_identification:_identify(src/image_acquisition) by extension 'ignore'
[2.845s] Level 1:colcon.colcon_core.package_identification:_identify(src/image_acquisition) by extension 'ignore_ament_install'
[2.845s] Level 1:colcon.colcon_core.package_identification:_identify(src/image_acquisition) by extensions ['colcon_pkg']
[2.845s] Level 1:colcon.colcon_core.package_identification:_identify(src/image_acquisition) by extension 'colcon_pkg'
[2.845s] Level 1:colcon.colcon_core.package_identification:_identify(src/image_acquisition) by extensions ['colcon_meta']
[2.845s] Level 1:colcon.colcon_core.package_identification:_identify(src/image_acquisition) by extension 'colcon_meta'
[2.846s] Level 1:colcon.colcon_core.package_identification:_identify(src/image_acquisition) by extensions ['ros']
[2.846s] Level 1:colcon.colcon_core.package_identification:_identify(src/image_acquisition) by extension 'ros'
[2.862s] DEBUG:colcon.colcon_core.package_identification:Package 'src/image_acquisition' with type 'ros.ament_python' and name 'image_acquisition'
[2.863s] Level 1:colcon.colcon_core.package_identification:_identify(src/navigation) by extensions ['ignore', 'ignore_ament_install']
[2.863s] Level 1:colcon.colcon_core.package_identification:_identify(src/navigation) by extension 'ignore'
[2.864s] Level 1:colcon.colcon_core.package_identification:_identify(src/navigation) by extension 'ignore_ament_install'
[2.864s] Level 1:colcon.colcon_core.package_identification:_identify(src/navigation) by extensions ['colcon_pkg']
[2.864s] Level 1:colcon.colcon_core.package_identification:_identify(src/navigation) by extension 'colcon_pkg'
[2.864s] Level 1:colcon.colcon_core.package_identification:_identify(src/navigation) by extensions ['colcon_meta']
[2.864s] Level 1:colcon.colcon_core.package_identification:_identify(src/navigation) by extension 'colcon_meta'
[2.865s] Level 1:colcon.colcon_core.package_identification:_identify(src/navigation) by extensions ['ros']
[2.865s] Level 1:colcon.colcon_core.package_identification:_identify(src/navigation) by extension 'ros'
[2.867s] DEBUG:colcon.colcon_core.package_identification:Package 'src/navigation' with type 'ros.ament_python' and name 'navigation'
[2.868s] Level 1:colcon.colcon_core.package_identification:_identify(src/orchestration) by extensions ['ignore', 'ignore_ament_install']
[2.868s] Level 1:colcon.colcon_core.package_identification:_identify(src/orchestration) by extension 'ignore'
[2.869s] Level 1:colcon.colcon_core.package_identification:_identify(src/orchestration) by extension 'ignore_ament_install'
[2.869s] Level 1:colcon.colcon_core.package_identification:_identify(src/orchestration) by extensions ['colcon_pkg']
[2.869s] Level 1:colcon.colcon_core.package_identification:_identify(src/orchestration) by extension 'colcon_pkg'
[2.869s] Level 1:colcon.colcon_core.package_identification:_identify(src/orchestration) by extensions ['colcon_meta']
[2.869s] Level 1:colcon.colcon_core.package_identification:_identify(src/orchestration) by extension 'colcon_meta'
[2.869s] Level 1:colcon.colcon_core.package_identification:_identify(src/orchestration) by extensions ['ros']
[2.870s] Level 1:colcon.colcon_core.package_identification:_identify(src/orchestration) by extension 'ros'
[2.872s] DEBUG:colcon.colcon_core.package_identification:Package 'src/orchestration' with type 'ros.ament_python' and name 'orchestration'
[2.873s] Level 1:colcon.colcon_core.package_discovery:discover_packages(recursive) using defaults
[2.873s] Level 1:colcon.colcon_core.package_discovery:discover_packages(ignore) discover
[2.873s] Level 1:colcon.colcon_core.package_discovery:discover_packages(ignore) using defaults
[2.873s] Level 1:colcon.colcon_core.package_discovery:discover_packages(path) discover
[2.873s] Level 1:colcon.colcon_core.package_discovery:discover_packages(path) using defaults
[3.066s] INFO:colcon.colcon_core.package_selection:Skipping not selected package 'image_acquisition' in 'src/image_acquisition'
[3.066s] INFO:colcon.colcon_core.package_selection:Skipping not selected package 'orchestration' in 'src/orchestration'
[3.068s] Level 1:colcon.colcon_core.package_discovery:discover_packages(prefix_path) check parameters
[3.069s] Level 1:colcon.colcon_core.package_discovery:discover_packages(prefix_path) discover
[3.081s] DEBUG:colcon.colcon_installed_package_information.package_discovery:Found 3 installed packages in /home/afro-robotics/robot_ws/install
[3.086s] DEBUG:colcon.colcon_installed_package_information.package_discovery:Found 280 installed packages in /opt/ros/humble
[3.091s] Level 1:colcon.colcon_core.package_discovery:discover_packages(prefix_path) using defaults
[3.252s] Level 5:colcon.colcon_core.verb:set package 'navigation' build argument 'cmake_args' from command line to 'None'
[3.252s] Level 5:colcon.colcon_core.verb:set package 'navigation' build argument 'cmake_target' from command line to 'None'
[3.252s] Level 5:colcon.colcon_core.verb:set package 'navigation' build argument 'cmake_target_skip_unavailable' from command line to 'False'
[3.253s] Level 5:colcon.colcon_core.verb:set package 'navigation' build argument 'cmake_clean_cache' from command line to 'False'
[3.253s] Level 5:colcon.colcon_core.verb:set package 'navigation' build argument 'cmake_clean_first' from command line to 'False'
[3.253s] Level 5:colcon.colcon_core.verb:set package 'navigation' build argument 'cmake_force_configure' from command line to 'False'
[3.253s] Level 5:colcon.colcon_core.verb:set package 'navigation' build argument 'ament_cmake_args' from command line to 'None'
[3.253s] Level 5:colcon.colcon_core.verb:set package 'navigation' build argument 'catkin_cmake_args' from command line to 'None'
[3.253s] Level 5:colcon.colcon_core.verb:set package 'navigation' build argument 'catkin_skip_building_tests' from command line to 'False'
[3.253s] DEBUG:colcon.colcon_core.verb:Building package 'navigation' with the following arguments: {'ament_cmake_args': None, 'build_base': '/home/afro-robotics/robot_ws/build/navigation', 'catkin_cmake_args': None, 'catkin_skip_building_tests': False, 'cmake_args': None, 'cmake_clean_cache': False, 'cmake_clean_first': False, 'cmake_force_configure': False, 'cmake_target': None, 'cmake_target_skip_unavailable': False, 'install_base': '/home/afro-robotics/robot_ws/install/navigation', 'merge_install': False, 'path': '/home/afro-robotics/robot_ws/src/navigation', 'symlink_install': False, 'test_result_base': None}
[3.254s] INFO:colcon.colcon_core.executor:Executing jobs using 'parallel' executor
[3.258s] DEBUG:colcon.colcon_parallel_executor.executor.parallel:run_until_complete
[3.258s] INFO:colcon.colcon_ros.task.ament_python.build:Building ROS package in '/home/afro-robotics/robot_ws/src/navigation' with build type 'ament_python'
[3.259s] Level 1:colcon.colcon_core.shell:create_environment_hook('navigation', 'ament_prefix_path')
[3.280s] INFO:colcon.colcon_core.plugin_system:Skipping extension 'colcon_core.shell.bat': Not used on non-Windows systems
[3.281s] INFO:colcon.colcon_core.shell:Creating environment hook '/home/afro-robotics/robot_ws/install/navigation/share/navigation/hook/ament_prefix_path.ps1'
[3.286s] INFO:colcon.colcon_core.shell:Creating environment descriptor '/home/afro-robotics/robot_ws/install/navigation/share/navigation/hook/ament_prefix_path.dsv'
[3.291s] INFO:colcon.colcon_core.shell:Creating environment hook '/home/afro-robotics/robot_ws/install/navigation/share/navigation/hook/ament_prefix_path.sh'
[3.297s] INFO:colcon.colcon_core.shell:Skip shell extension 'powershell' for command environment: Not usable outside of PowerShell
[3.297s] DEBUG:colcon.colcon_core.shell:Skip shell extension 'dsv' for command environment
[4.410s] INFO:colcon.colcon_core.task.python.build:Building Python package in '/home/afro-robotics/robot_ws/src/navigation'
[4.412s] INFO:colcon.colcon_core.shell:Skip shell extension 'powershell' for command environment: Not usable outside of PowerShell
[4.412s] DEBUG:colcon.colcon_core.shell:Skip shell extension 'dsv' for command environment
[5.977s] DEBUG:colcon.colcon_core.event_handler.log_command:Invoking command in '/home/afro-robotics/robot_ws/src/navigation': PYTHONPATH=/home/afro-robotics/robot_ws/build/navigation/prefix_override:/usr/lib/python3/dist-packages/colcon_core/task/python/colcon_distutils_commands:/home/afro-robotics/robot_ws/install/navigation/lib/python3.10/site-packages:${PYTHONPATH} /usr/bin/python3 -W ignore:setup.py install is deprecated -W ignore:easy_install command is deprecated setup.py egg_info --egg-base ../../build/navigation build --build-base /home/afro-robotics/robot_ws/build/navigation/build install --record /home/afro-robotics/robot_ws/build/navigation/install.log --single-version-externally-managed install_data
[7.223s] DEBUG:colcon.colcon_core.event_handler.log_command:Invoked command in '/home/afro-robotics/robot_ws/src/navigation' returned '0': PYTHONPATH=/home/afro-robotics/robot_ws/build/navigation/prefix_override:/usr/lib/python3/dist-packages/colcon_core/task/python/colcon_distutils_commands:/home/afro-robotics/robot_ws/install/navigation/lib/python3.10/site-packages:${PYTHONPATH} /usr/bin/python3 -W ignore:setup.py install is deprecated -W ignore:easy_install command is deprecated setup.py egg_info --egg-base ../../build/navigation build --build-base /home/afro-robotics/robot_ws/build/navigation/build install --record /home/afro-robotics/robot_ws/build/navigation/install.log --single-version-externally-managed install_data
[7.256s] Level 1:colcon.colcon_core.environment:checking '/home/afro-robotics/robot_ws/install/navigation' for CMake module files
[7.259s] Level 1:colcon.colcon_core.environment:checking '/home/afro-robotics/robot_ws/install/navigation' for CMake config files
[7.263s] Level 1:colcon.colcon_core.environment:checking '/home/afro-robotics/robot_ws/install/navigation/lib'
[7.264s] Level 1:colcon.colcon_core.environment:checking '/home/afro-robotics/robot_ws/install/navigation/bin'
[7.264s] Level 1:colcon.colcon_core.environment:checking '/home/afro-robotics/robot_ws/install/navigation/lib/pkgconfig/navigation.pc'
[7.265s] Level 1:colcon.colcon_core.environment:checking '/home/afro-robotics/robot_ws/install/navigation/lib/python3.10/site-packages'
[7.266s] Level 1:colcon.colcon_core.shell:create_environment_hook('navigation', 'pythonpath')
[7.267s] INFO:colcon.colcon_core.shell:Creating environment hook '/home/afro-robotics/robot_ws/install/navigation/share/navigation/hook/pythonpath.ps1'
[7.271s] INFO:colcon.colcon_core.shell:Creating environment descriptor '/home/afro-robotics/robot_ws/install/navigation/share/navigation/hook/pythonpath.dsv'
[7.273s] INFO:colcon.colcon_core.shell:Creating environment hook '/home/afro-robotics/robot_ws/install/navigation/share/navigation/hook/pythonpath.sh'
[7.277s] Level 1:colcon.colcon_core.environment:checking '/home/afro-robotics/robot_ws/install/navigation/bin'
[7.278s] Level 1:colcon.colcon_core.environment:create_environment_scripts_only(navigation)
[7.280s] INFO:colcon.colcon_core.shell:Creating package script '/home/afro-robotics/robot_ws/install/navigation/share/navigation/package.ps1'
[7.289s] INFO:colcon.colcon_core.shell:Creating package descriptor '/home/afro-robotics/robot_ws/install/navigation/share/navigation/package.dsv'
[7.294s] INFO:colcon.colcon_core.shell:Creating package script '/home/afro-robotics/robot_ws/install/navigation/share/navigation/package.sh'
[7.299s] INFO:colcon.colcon_core.shell:Creating package script '/home/afro-robotics/robot_ws/install/navigation/share/navigation/package.bash'
[7.306s] INFO:colcon.colcon_core.shell:Creating package script '/home/afro-robotics/robot_ws/install/navigation/share/navigation/package.zsh'
[7.312s] Level 1:colcon.colcon_core.environment:create_file_with_runtime_dependencies(/home/afro-robotics/robot_ws/install/navigation/share/colcon-core/packages/navigation)
[7.313s] DEBUG:colcon.colcon_parallel_executor.executor.parallel:closing loop
[7.316s] DEBUG:colcon.colcon_parallel_executor.executor.parallel:loop closed
[7.316s] DEBUG:colcon.colcon_parallel_executor.executor.parallel:run_until_complete finished with '0'
[7.316s] DEBUG:colcon.colcon_core.event_reactor:joining thread
[7.355s] INFO:colcon.colcon_core.plugin_system:Skipping extension 'colcon_notification.desktop_notification.terminal_notifier': Not used on non-Darwin systems
[7.356s] INFO:colcon.colcon_core.plugin_system:Skipping extension 'colcon_notification.desktop_notification.win32': Not used on non-Windows systems
[7.356s] INFO:colcon.colcon_notification.desktop_notification:Sending desktop notification using 'notify2'
[7.488s] DEBUG:colcon.colcon_core.event_reactor:joined thread
[7.490s] INFO:colcon.colcon_core.shell:Creating prefix script '/home/afro-robotics/robot_ws/install/local_setup.ps1'
[7.496s] INFO:colcon.colcon_core.shell:Creating prefix util module '/home/afro-robotics/robot_ws/install/_local_setup_util_ps1.py'
[7.505s] INFO:colcon.colcon_core.shell:Creating prefix chain script '/home/afro-robotics/robot_ws/install/setup.ps1'
[7.515s] INFO:colcon.colcon_core.shell:Creating prefix script '/home/afro-robotics/robot_ws/install/local_setup.sh'
[7.523s] INFO:colcon.colcon_core.shell:Creating prefix util module '/home/afro-robotics/robot_ws/install/_local_setup_util_sh.py'
[7.527s] INFO:colcon.colcon_core.shell:Creating prefix chain script '/home/afro-robotics/robot_ws/install/setup.sh'
[7.533s] INFO:colcon.colcon_core.shell:Creating prefix script '/home/afro-robotics/robot_ws/install/local_setup.bash'
[7.536s] INFO:colcon.colcon_core.shell:Creating prefix chain script '/home/afro-robotics/robot_ws/install/setup.bash'
[7.549s] INFO:colcon.colcon_core.shell:Creating prefix script '/home/afro-robotics/robot_ws/install/local_setup.zsh'
[7.577s] INFO:colcon.colcon_core.shell:Creating prefix chain script '/home/afro-robotics/robot_ws/install/setup.zsh'
